Log file open, 02/02/20 00:11:50
LogWindows: Failed to load 'aqProf.dll' (GetLastError=126)
LogWindows: File 'aqProf.dll' does not exist
LogWindows: Failed to load 'VtuneApi.dll' (GetLastError=126)
LogWindows: File 'VtuneApi.dll' does not exist
LogWindows: Failed to load 'VtuneApi32e.dll' (GetLastError=126)
LogWindows: File 'VtuneApi32e.dll' does not exist
LogConsoleResponse: Display: Failed to find resolution value strings in scalability ini. Falling back to default.
LogInit: Display: Running engine for game: PanelPanic
LogPlatformFile: Not using cached read wrapper
LogTaskGraph: Started task graph with 5 named threads and 35 total threads with 3 sets of task threads.
LogStats: Stats thread started at 0.079691
LogD3D11RHI: Loaded GFSDK_Aftermath_Lib.x64.dll
LogICUInternationalization: ICU TimeZone Detection - Raw Offset: +1:00, Platform Override: ''
LogPluginManager: Mounting plugin Paper2D
LogPluginManager: Mounting plugin AISupport
LogPluginManager: Mounting plugin LightPropagationVolume
LogPluginManager: Mounting plugin ActorLayerUtilities
LogPluginManager: Mounting plugin AnimationSharing
LogPluginManager: Mounting plugin CLionSourceCodeAccess
LogPluginManager: Mounting plugin CodeLiteSourceCodeAccess
LogPluginManager: Mounting plugin GitSourceControl
LogPluginManager: Mounting plugin KDevelopSourceCodeAccess
LogPluginManager: Mounting plugin NullSourceCodeAccess
LogPluginManager: Mounting plugin PerforceSourceControl
LogPluginManager: Mounting plugin PlasticSourceControl
LogPluginManager: Mounting plugin SubversionSourceControl
LogPluginManager: Mounting plugin UObjectPlugin
LogPluginManager: Mounting plugin VisualStudioCodeSourceCodeAccess
LogPluginManager: Mounting plugin VisualStudioSourceCodeAccess
LogPluginManager: Mounting plugin XCodeSourceCodeAccess
LogPluginManager: Mounting plugin AssetManagerEditor
LogPluginManager: Mounting plugin CryptoKeys
LogPluginManager: Mounting plugin CurveEditorTools
LogPluginManager: Mounting plugin DataValidation
LogPluginManager: Mounting plugin FacialAnimation
LogPluginManager: Mounting plugin GameplayTagsEditor
LogPluginManager: Mounting plugin MacGraphicsSwitching
LogPluginManager: Mounting plugin MaterialAnalyzer
LogPluginManager: Mounting plugin MobileLauncherProfileWizard
LogPluginManager: Mounting plugin PluginBrowser
LogPluginManager: Mounting plugin SpeedTreeImporter
LogPluginManager: Mounting plugin DatasmithContent
LogPluginManager: Mounting plugin VariantManagerContent
LogPluginManager: Mounting plugin AlembicImporter
LogPluginManager: Mounting plugin AutomationUtils
LogPluginManager: Mounting plugin BackChannel
LogPluginManager: Mounting plugin CharacterAI
LogPluginManager: Mounting plugin GeometryCache
LogPluginManager: Mounting plugin PlatformCrypto
LogPluginManager: Mounting plugin ProxyLODPlugin
LogPluginManager: Mounting plugin SkeletalReduction
LogPluginManager: Mounting plugin MagicLeap
LogPluginManager: Mounting plugin MagicLeapMedia
LogPluginManager: Mounting plugin MLSDK
LogPluginManager: Mounting plugin AndroidMedia
LogPluginManager: Mounting plugin AvfMedia
LogPluginManager: Mounting plugin ImgMedia
LogPluginManager: Mounting plugin MediaCompositing
LogPluginManager: Mounting plugin MediaPlayerEditor
LogPluginManager: Mounting plugin WebMMedia
LogPluginManager: Mounting plugin WmfMedia
LogPluginManager: Mounting plugin TcpMessaging
LogPluginManager: Mounting plugin UdpMessaging
LogPluginManager: Mounting plugin ActorSequence
LogPluginManager: Mounting plugin LevelSequenceEditor
LogPluginManager: Mounting plugin MatineeToLevelSequence
LogPluginManager: Mounting plugin NetcodeUnitTest
LogPluginManager: Mounting plugin NUTUnrealEngine4
LogPluginManager: Mounting plugin OnlineSubsystemGooglePlay
LogPluginManager: Mounting plugin OnlineSubsystemIOS
LogPluginManager: Mounting plugin OnlineSubsystem
LogPluginManager: Mounting plugin OnlineSubsystemNull
LogPluginManager: Mounting plugin OnlineSubsystemUtils
LogPluginManager: Mounting plugin LauncherChunkInstaller
LogPluginManager: Mounting plugin AndroidDeviceProfileSelector
LogPluginManager: Mounting plugin AndroidMoviePlayer
LogPluginManager: Mounting plugin AndroidPermission
LogPluginManager: Mounting plugin AppleImageUtils
LogPluginManager: Mounting plugin AppleMoviePlayer
LogPluginManager: Mounting plugin ArchVisCharacter
LogPluginManager: Mounting plugin AssetTags
LogPluginManager: Mounting plugin AudioCapture
LogPluginManager: Mounting plugin CableComponent
LogPluginManager: Mounting plugin CustomMeshComponent
LogPluginManager: Mounting plugin EditableMesh
LogPluginManager: Mounting plugin ExampleDeviceProfileSelector
LogPluginManager: Mounting plugin GoogleCloudMessaging
LogPluginManager: Mounting plugin IOSDeviceProfileSelector
LogPluginManager: Mounting plugin LinuxDeviceProfileSelector
LogPluginManager: Mounting plugin LocationServicesBPLibrary
LogPluginManager: Mounting plugin MobilePatchingUtils
LogPluginManager: Mounting plugin OculusVR
LogPluginManager: Mounting plugin PhysXVehicles
LogPluginManager: Mounting plugin PostSplashScreen
LogPluginManager: Mounting plugin ProceduralMeshComponent
LogPluginManager: Mounting plugin RuntimePhysXCooking
LogPluginManager: Mounting plugin SignificanceManager
LogPluginManager: Mounting plugin SteamVR
LogPluginManager: Mounting plugin WebMMoviePlayer
LogPluginManager: Mounting plugin WindowsMoviePlayer
LogPluginManager: Mounting plugin ScreenshotTools
LogInit: Using libcurl 7.55.1-DEV
LogInit:  - built for x86_64-pc-win32
LogInit:  - supports SSL with OpenSSL/1.1.1
LogInit:  - supports HTTP deflate (compression) using libz 1.2.8
LogInit:  - other features:
LogInit:      CURL_VERSION_SSL
LogInit:      CURL_VERSION_LIBZ
LogInit:      CURL_VERSION_IPV6
LogInit:      CURL_VERSION_ASYNCHDNS
LogInit:      CURL_VERSION_LARGEFILE
LogInit:      CURL_VERSION_IDN
LogInit:  CurlRequestOptions (configurable via config and command line):
LogInit:  - bVerifyPeer = true  - Libcurl will verify peer certificate
LogInit:  - bUseHttpProxy = false  - Libcurl will NOT use HTTP proxy
LogInit:  - bDontReuseConnections = false  - Libcurl will reuse connections
LogInit:  - MaxHostConnections = 16  - Libcurl will limit the number of connections to a host
LogInit:  - LocalHostAddr = Default
LogInit:  - BufferSize = 65536
LogOnline: OSS: Creating online subsystem instance for: NULL
LogInit: WinSock: version 1.1 (2.2), MaxSocks=32767, MaxUdp=65467
LogOnline: OSS: TryLoadSubsystemAndSetDefault: Loaded subsystem for module [NULL]
LogHMD: Failed initializing OVRPlugin 1.40.0
LogInit: Build: ++UE4+Release-4.24-CL-11100242
LogInit: Engine Version: 4.24.2-11100242+++UE4+Release-4.24
LogInit: Compatible Engine Version: 4.24.0-10570792+++UE4+Release-4.24
LogInit: Net CL: 10570792
LogInit: OS: Windows 10 (Release 1903) (), CPU: Intel(R) Core(TM) i7-8750H CPU @ 2.20GHz, GPU: NVIDIA GeForce GTX 1070
LogInit: Compiled (64-bit): Jan 24 2020 02:05:53
LogInit: Compiled with Visual C++: 19.16.27032.01
LogInit: Build Configuration: Development
LogInit: Branch Name: ++UE4+Release-4.24
LogInit: Command Line: 
LogInit: Base Directory: D:/Epic Games/UE_4.24/Engine/Binaries/Win64/
LogInit: Installed Engine Build: 1
LogDevObjectVersion: Number of dev versions registered: 25
LogDevObjectVersion:   Dev-Blueprints (B0D832E4-1F89-4F0D-ACCF-7EB736FD4AA2): 10
LogDevObjectVersion:   Dev-Build (E1C64328-A22C-4D53-A36C-8E866417BD8C): 0
LogDevObjectVersion:   Dev-Core (375EC13C-06E4-48FB-B500-84F0262A717E): 3
LogDevObjectVersion:   Dev-Editor (E4B068ED-F494-42E9-A231-DA0B2E46BB41): 37
LogDevObjectVersion:   Dev-Framework (CFFC743F-43B0-4480-9391-14DF171D2073): 36
LogDevObjectVersion:   Dev-Mobile (B02B49B5-BB20-44E9-A304-32B752E40360): 2
LogDevObjectVersion:   Dev-Networking (A4E4105C-59A1-49B5-A7C5-40C4547EDFEE): 0
LogDevObjectVersion:   Dev-Online (39C831C9-5AE6-47DC-9A44-9C173E1C8E7C): 0
LogDevObjectVersion:   Dev-Physics (78F01B33-EBEA-4F98-B9B4-84EACCB95AA2): 2
LogDevObjectVersion:   Dev-Platform (6631380F-2D4D-43E0-8009-CF276956A95A): 0
LogDevObjectVersion:   Dev-Rendering (12F88B9F-8875-4AFC-A67C-D90C383ABD29): 36
LogDevObjectVersion:   Dev-Sequencer (7B5AE74C-D270-4C10-A958-57980B212A5A): 11
LogDevObjectVersion:   Dev-VR (D7296918-1DD6-4BDD-9DE2-64A83CC13884): 2
LogDevObjectVersion:   Dev-LoadTimes (C2A15278-BFE7-4AFE-6C17-90FF531DF755): 1
LogDevObjectVersion:   Private-Geometry (6EACA3D4-40EC-4CC1-B786-8BED09428FC5): 3
LogDevObjectVersion:   Dev-AnimPhys (29E575DD-E0A3-4627-9D10-D276232CDCEA): 17
LogDevObjectVersion:   Dev-Anim (AF43A65D-7FD3-4947-9873-3E8ED9C1BB05): 2
LogDevObjectVersion:   Dev-ReflectionCapture (6B266CEC-1EC7-4B8F-A30B-E4D90942FC07): 1
LogDevObjectVersion:   Dev-Automation (0DF73D61-A23F-47EA-B727-89E90C41499A): 1
LogDevObjectVersion:   FortniteMain (601D1886-AC64-4F84-AA16-D3DE0DEAC7D6): 31
LogDevObjectVersion:   Dev-Enterprise (9DFFBCD6-494F-0158-E221-12823C92A888): 8
LogDevObjectVersion:   Dev-Niagara (F2AED0AC-9AFE-416F-8664-AA7FFA26D6FC): 1
LogDevObjectVersion:   Dev-Destruction (174F1F0B-B4C6-45A5-B13F-2EE8D0FB917D): 9
LogDevObjectVersion:   Dev-Physics-Ext (35F94A83-E258-406C-A318-09F59610247C): 8
LogDevObjectVersion:   Dev-CineCamera (B2E18506-4273-CFC2-A54E-F4BB758BBA07): 1
LogInit: Presizing for max 25165824 objects, including 0 objects not considered by GC, pre-allocating 0 bytes for permanent pool.
LogInit: Object subsystem initialized
LogConfig: Setting CVar [[con.DebugEarlyDefault:1]]
LogConfig: Setting CVar [[r.setres:1280x720]]
[2020.02.01-23.11.51:157][  0]LogConfig: Setting CVar [[r.VSync:0]]
[2020.02.01-23.11.51:157][  0]LogConfig: Setting CVar [[r.RHICmdBypass:0]]
[2020.02.01-23.11.51:157][  0]LogConfig: Applying CVar settings from Section [/Script/Engine.RendererSettings] File [D:/Documents/GGJ2020/GGJ2020PanelPanic/PanelPanic/Saved/Config/Windows/Engine.ini]
[2020.02.01-23.11.51:157][  0]LogConfig: Setting CVar [[r.GPUCrashDebugging:0]]
[2020.02.01-23.11.51:157][  0]LogConfig: Setting CVar [[r.MobileHDR:1]]
[2020.02.01-23.11.51:157][  0]LogConfig: Setting CVar [[r.Mobile.DisableVertexFog:1]]
[2020.02.01-23.11.51:157][  0]LogConfig: Setting CVar [[r.Shadow.CSM.MaxMobileCascades:2]]
[2020.02.01-23.11.51:157][  0]LogConfig: Setting CVar [[r.MobileMSAA:1]]
[2020.02.01-23.11.51:157][  0]LogConfig: Setting CVar [[r.Mobile.UseLegacyShadingModel:0]]
[2020.02.01-23.11.51:157][  0]LogConfig: Setting CVar [[r.Mobile.UseHWsRGBEncoding:0]]
[2020.02.01-23.11.51:157][  0]LogConfig: Setting CVar [[r.Mobile.AllowDitheredLODTransition:0]]
[2020.02.01-23.11.51:157][  0]LogConfig: Setting CVar [[r.Mobile.AllowSoftwareOcclusion:0]]
[2020.02.01-23.11.51:157][  0]LogConfig: Setting CVar [[r.DiscardUnusedQuality:0]]
[2020.02.01-23.11.51:157][  0]LogConfig: Setting CVar [[r.AllowOcclusionQueries:1]]
[2020.02.01-23.11.51:157][  0]LogConfig: Setting CVar [[r.MinScreenRadiusForLights:0.030000]]
[2020.02.01-23.11.51:157][  0]LogConfig: Setting CVar [[r.MinScreenRadiusForDepthPrepass:0.030000]]
[2020.02.01-23.11.51:157][  0]LogConfig: Setting CVar [[r.MinScreenRadiusForCSMDepth:0.010000]]
[2020.02.01-23.11.51:157][  0]LogConfig: Setting CVar [[r.PrecomputedVisibilityWarning:0]]
[2020.02.01-23.11.51:157][  0]LogConfig: Setting CVar [[r.TextureStreaming:1]]
[2020.02.01-23.11.51:157][  0]LogConfig: Setting CVar [[Compat.UseDXT5NormalMaps:0]]
[2020.02.01-23.11.51:157][  0]LogConfig: Setting CVar [[r.VirtualTextures:0]]
[2020.02.01-23.11.51:157][  0]LogConfig: Setting CVar [[r.VirtualTexturedLightmaps:0]]
[2020.02.01-23.11.51:157][  0]LogConfig: Setting CVar [[r.VT.TileSize:128]]
[2020.02.01-23.11.51:157][  0]LogConfig: Setting CVar [[r.VT.TileBorderSize:4]]
[2020.02.01-23.11.51:157][  0]LogConfig: Setting CVar [[r.vt.FeedbackFactor:16]]
[2020.02.01-23.11.51:157][  0]LogConfig: Setting CVar [[r.VT.EnableCompressZlib:1]]
[2020.02.01-23.11.51:157][  0]LogConfig: Setting CVar [[r.VT.EnableCompressCrunch:0]]
[2020.02.01-23.11.51:157][  0]LogConfig: Setting CVar [[r.ClearCoatNormal:0]]
[2020.02.01-23.11.51:157][  0]LogConfig: Setting CVar [[r.ReflectionCaptureResolution:128]]
[2020.02.01-23.11.51:157][  0]LogConfig: Setting CVar [[r.ReflectionEnvironmentLightmapMixBasedOnRoughness:1]]
[2020.02.01-23.11.51:157][  0]LogConfig: Setting CVar [[r.ForwardShading:0]]
[2020.02.01-23.11.51:157][  0]LogConfig: Setting CVar [[r.VertexFoggingForOpaque:1]]
[2020.02.01-23.11.51:157][  0]LogConfig: Setting CVar [[r.AllowStaticLighting:1]]
[2020.02.01-23.11.51:157][  0]LogConfig: Setting CVar [[r.NormalMapsForStaticLighting:0]]
[2020.02.01-23.11.51:157][  0]LogConfig: Setting CVar [[r.GenerateMeshDistanceFields:0]]
[2020.02.01-23.11.51:157][  0]LogConfig: Setting CVar [[r.DistanceFieldBuild.EightBit:0]]
[2020.02.01-23.11.51:157][  0]LogConfig: Setting CVar [[r.GenerateLandscapeGIData:0]]
[2020.02.01-23.11.51:157][  0]LogConfig: Setting CVar [[r.DistanceFieldBuild.Compress:0]]
[2020.02.01-23.11.51:157][  0]LogConfig: Setting CVar [[r.TessellationAdaptivePixelsPerTriangle:48.000000]]
[2020.02.01-23.11.51:157][  0]LogConfig: Setting CVar [[r.SeparateTranslucency:1]]
[2020.02.01-23.11.51:157][  0]LogConfig: Setting CVar [[r.TranslucentSortPolicy:0]]
[2020.02.01-23.11.51:157][  0]LogConfig: Setting CVar [[r.CustomDepth:1]]
[2020.02.01-23.11.51:157][  0]LogConfig: Setting CVar [[r.CustomDepthTemporalAAJitter:1]]
[2020.02.01-23.11.51:157][  0]LogConfig: Setting CVar [[r.PostProcessing.PropagateAlpha:0]]
[2020.02.01-23.11.51:157][  0]LogConfig: Setting CVar [[r.DefaultFeature.Bloom:1]]
[2020.02.01-23.11.51:157][  0]LogConfig: Setting CVar [[r.DefaultFeature.AmbientOcclusion:1]]
[2020.02.01-23.11.51:157][  0]LogConfig: Setting CVar [[r.DefaultFeature.AmbientOcclusionStaticFraction:1]]
[2020.02.01-23.11.51:157][  0]LogConfig: Setting CVar [[r.DefaultFeature.AutoExposure:1]]
[2020.02.01-23.11.51:157][  0]LogConfig: Setting CVar [[r.DefaultFeature.AutoExposure.Method:0]]
[2020.02.01-23.11.51:157][  0]LogConfig: Setting CVar [[r.DefaultFeature.AutoExposure.ExtendDefaultLuminanceRange:0]]
[2020.02.01-23.11.51:157][  0]LogConfig: Setting CVar [[r.UsePreExposure:1]]
[2020.02.01-23.11.51:157][  0]LogConfig: Setting CVar [[r.EyeAdaptation.EditorOnly:1]]
[2020.02.01-23.11.51:157][  0]LogConfig: Setting CVar [[r.DefaultFeature.MotionBlur:1]]
[2020.02.01-23.11.51:157][  0]LogConfig: Setting CVar [[r.DefaultFeature.LensFlare:0]]
[2020.02.01-23.11.51:157][  0]LogConfig: Setting CVar [[r.TemporalAA.Upsampling:0]]
[2020.02.01-23.11.51:157][  0]LogConfig: Setting CVar [[r.SSGI.Enable:0]]
[2020.02.01-23.11.51:157][  0]LogConfig: Setting CVar [[r.DefaultFeature.AntiAliasing:2]]
[2020.02.01-23.11.51:157][  0]LogConfig: Setting CVar [[r.DefaultFeature.LightUnits:1]]
[2020.02.01-23.11.51:157][  0]LogConfig: Setting CVar [[r.DefaultBackBufferPixelFormat:4]]
[2020.02.01-23.11.51:157][  0]LogConfig: Setting CVar [[r.Shadow.UnbuiltPreviewInGame:1]]
[2020.02.01-23.11.51:157][  0]LogConfig: Setting CVar [[r.StencilForLODDither:0]]
[2020.02.01-23.11.51:157][  0]LogConfig: Setting CVar [[r.EarlyZPass:3]]
[2020.02.01-23.11.51:157][  0]LogConfig: Setting CVar [[r.EarlyZPassOnlyMaterialMasking:0]]
[2020.02.01-23.11.51:157][  0]LogConfig: Setting CVar [[r.DBuffer:1]]
[2020.02.01-23.11.51:157][  0]LogConfig: Setting CVar [[r.ClearSceneMethod:1]]
[2020.02.01-23.11.51:157][  0]LogConfig: Setting CVar [[r.BasePassOutputsVelocity:0]]
[2020.02.01-23.11.51:157][  0]LogConfig: Setting CVar [[r.SelectiveBasePassOutputs:0]]
[2020.02.01-23.11.51:158][  0]LogConfig: Setting CVar [[fx.GPUSimulationTextureSizeX:1024]]
[2020.02.01-23.11.51:158][  0]LogConfig: Setting CVar [[fx.GPUSimulationTextureSizeY:1024]]
[2020.02.01-23.11.51:158][  0]LogConfig: Setting CVar [[r.AllowGlobalClipPlane:0]]
[2020.02.01-23.11.51:158][  0]LogConfig: Setting CVar [[r.GBufferFormat:1]]
[2020.02.01-23.11.51:158][  0]LogConfig: Setting CVar [[r.MorphTarget.Mode:1]]
[2020.02.01-23.11.51:158][  0]LogConfig: Setting CVar [[vr.InstancedStereo:0]]
[2020.02.01-23.11.51:158][  0]LogConfig: Setting CVar [[vr.MultiView:0]]
[2020.02.01-23.11.51:158][  0]LogConfig: Setting CVar [[vr.MobileMultiView:0]]
[2020.02.01-23.11.51:158][  0]LogConfig: Setting CVar [[vr.MobileMultiView.Direct:0]]
[2020.02.01-23.11.51:158][  0]LogConfig: Setting CVar [[vr.RoundRobinOcclusion:0]]
[2020.02.01-23.11.51:158][  0]LogConfig: Setting CVar [[vr.ODSCapture:0]]
[2020.02.01-23.11.51:158][  0]LogConfig: Setting CVar [[r.WireframeCullThreshold:5.000000]]
[2020.02.01-23.11.51:158][  0]LogConfig: Setting CVar [[r.RayTracing:0]]
[2020.02.01-23.11.51:158][  0]LogConfig: Setting CVar [[r.RayTracing.UseTextureLod:0]]
[2020.02.01-23.11.51:158][  0]LogConfig: Setting CVar [[r.SupportStationarySkylight:1]]
[2020.02.01-23.11.51:158][  0]LogConfig: Setting CVar [[r.SupportLowQualityLightmaps:1]]
[2020.02.01-23.11.51:158][  0]LogConfig: Setting CVar [[r.SupportPointLightWholeSceneShadows:1]]
[2020.02.01-23.11.51:158][  0]LogConfig: Setting CVar [[r.SupportAtmosphericFog:1]]
[2020.02.01-23.11.51:158][  0]LogConfig: Setting CVar [[r.SupportSkyAtmosphere:1]]
[2020.02.01-23.11.51:158][  0]LogConfig: Setting CVar [[r.SupportSkyAtmosphereAffectsHeightFog:0]]
[2020.02.01-23.11.51:158][  0]LogConfig: Setting CVar [[r.SkinCache.CompileShaders:0]]
[2020.02.01-23.11.51:158][  0]LogConfig: Setting CVar [[r.Mobile.EnableStaticAndCSMShadowReceivers:1]]
[2020.02.01-23.11.51:158][  0]LogConfig: Setting CVar [[r.Mobile.EnableMovableLightCSMShaderCulling:1]]
[2020.02.01-23.11.51:158][  0]LogConfig: Setting CVar [[r.Mobile.AllowDistanceFieldShadows:1]]
[2020.02.01-23.11.51:158][  0]LogConfig: Setting CVar [[r.Mobile.AllowMovableDirectionalLights:1]]
[2020.02.01-23.11.51:158][  0]LogConfig: Setting CVar [[r.MobileNumDynamicPointLights:4]]
[2020.02.01-23.11.51:158][  0]LogConfig: Setting CVar [[r.MobileDynamicPointLightsUseStaticBranch:1]]
[2020.02.01-23.11.51:158][  0]LogConfig: Setting CVar [[r.Mobile.EnableMovableSpotlights:0]]
[2020.02.01-23.11.51:158][  0]LogConfig: Setting CVar [[r.SkinCache.SceneMemoryLimitInMB:128.000000]]
[2020.02.01-23.11.51:158][  0]LogConfig: Setting CVar [[r.GPUSkin.Limit2BoneInfluences:0]]
[2020.02.01-23.11.51:158][  0]LogConfig: Setting CVar [[r.SupportDepthOnlyIndexBuffers:1]]
[2020.02.01-23.11.51:158][  0]LogConfig: Setting CVar [[r.SupportReversedIndexBuffers:1]]
[2020.02.01-23.11.51:158][  0]LogConfig: Setting CVar [[r.SupportMaterialLayers:0]]
[2020.02.01-23.11.51:158][  0]LogConfig: Setting CVar [[r.LightPropagationVolume:0]]
[2020.02.01-23.11.51:158][  0]LogConfig: Applying CVar settings from Section [/Script/Engine.RendererOverrideSettings] File [D:/Documents/GGJ2020/GGJ2020PanelPanic/PanelPanic/Saved/Config/Windows/Engine.ini]
[2020.02.01-23.11.51:158][  0]LogConfig: Applying CVar settings from Section [/Script/Engine.StreamingSettings] File [D:/Documents/GGJ2020/GGJ2020PanelPanic/PanelPanic/Saved/Config/Windows/Engine.ini]
[2020.02.01-23.11.51:158][  0]LogConfig: Setting CVar [[s.MinBulkDataSizeForAsyncLoading:131072]]
[2020.02.01-23.11.51:158][  0]LogConfig: Setting CVar [[s.AsyncLoadingThreadEnabled:0]]
[2020.02.01-23.11.51:158][  0]LogConfig: Setting CVar [[s.EventDrivenLoaderEnabled:1]]
[2020.02.01-23.11.51:158][  0]LogConfig: Setting CVar [[s.WarnIfTimeLimitExceeded:0]]
[2020.02.01-23.11.51:158][  0]LogConfig: Setting CVar [[s.TimeLimitExceededMultiplier:1.5]]
[2020.02.01-23.11.51:158][  0]LogConfig: Setting CVar [[s.TimeLimitExceededMinTime:0.005]]
[2020.02.01-23.11.51:158][  0]LogConfig: Setting CVar [[s.UseBackgroundLevelStreaming:1]]
[2020.02.01-23.11.51:158][  0]LogConfig: Setting CVar [[s.PriorityAsyncLoadingExtraTime:15.0]]
[2020.02.01-23.11.51:158][  0]LogConfig: Setting CVar [[s.LevelStreamingActorsUpdateTimeLimit:5.0]]
[2020.02.01-23.11.51:158][  0]LogConfig: Setting CVar [[s.PriorityLevelStreamingActorsUpdateExtraTime:5.0]]
[2020.02.01-23.11.51:158][  0]LogConfig: Setting CVar [[s.LevelStreamingComponentsRegistrationGranularity:10]]
[2020.02.01-23.11.51:158][  0]LogConfig: Setting CVar [[s.UnregisterComponentsTimeLimit:1.0]]
[2020.02.01-23.11.51:158][  0]LogConfig: Setting CVar [[s.LevelStreamingComponentsUnregistrationGranularity:5]]
[2020.02.01-23.11.51:158][  0]LogConfig: Setting CVar [[s.FlushStreamingOnExit:1]]
[2020.02.01-23.11.51:158][  0]LogConfig: Applying CVar settings from Section [/Script/Engine.GarbageCollectionSettings] File [D:/Documents/GGJ2020/GGJ2020PanelPanic/PanelPanic/Saved/Config/Windows/Engine.ini]
[2020.02.01-23.11.51:158][  0]LogConfig: Setting CVar [[gc.MaxObjectsNotConsideredByGC:1]]
[2020.02.01-23.11.51:158][  0]LogConfig: Setting CVar [[gc.SizeOfPermanentObjectPool:0]]
[2020.02.01-23.11.51:158][  0]LogConfig: Setting CVar [[gc.FlushStreamingOnGC:0]]
[2020.02.01-23.11.51:158][  0]LogConfig: Setting CVar [[gc.NumRetriesBeforeForcingGC:10]]
[2020.02.01-23.11.51:158][  0]LogConfig: Setting CVar [[gc.AllowParallelGC:1]]
[2020.02.01-23.11.51:158][  0]LogConfig: Setting CVar [[gc.TimeBetweenPurgingPendingKillObjects:61.1]]
[2020.02.01-23.11.51:158][  0]LogConfig: Setting CVar [[gc.MaxObjectsInEditor:25165824]]
[2020.02.01-23.11.51:158][  0]LogConfig: Setting CVar [[gc.IncrementalBeginDestroyEnabled:1]]
[2020.02.01-23.11.51:158][  0]LogConfig: Setting CVar [[gc.CreateGCClusters:1]]
[2020.02.01-23.11.51:158][  0]LogConfig: Setting CVar [[gc.MinGCClusterSize:5]]
[2020.02.01-23.11.51:158][  0]LogConfig: Setting CVar [[gc.ActorClusteringEnabled:0]]
[2020.02.01-23.11.51:158][  0]LogConfig: Setting CVar [[gc.BlueprintClusteringEnabled:0]]
[2020.02.01-23.11.51:158][  0]LogConfig: Setting CVar [[gc.UseDisregardForGCOnDedicatedServers:0]]
[2020.02.01-23.11.51:158][  0]LogConfig: Applying CVar settings from Section [/Script/Engine.NetworkSettings] File [D:/Documents/GGJ2020/GGJ2020PanelPanic/PanelPanic/Saved/Config/Windows/Engine.ini]
[2020.02.01-23.11.51:158][  0]LogConfig: Applying CVar settings from Section [/Script/UnrealEd.CookerSettings] File [D:/Documents/GGJ2020/GGJ2020PanelPanic/PanelPanic/Saved/Config/Windows/Engine.ini]
[2020.02.01-23.11.51:163][  0]LogConfig: Applying CVar settings from Section [ViewDistanceQuality@3] File [D:/Documents/GGJ2020/GGJ2020PanelPanic/PanelPanic/Saved/Config/Windows/Scalability.ini]
[2020.02.01-23.11.51:163][  0]LogConfig: Setting CVar [[r.SkeletalMeshLODBias:0]]
[2020.02.01-23.11.51:163][  0]LogConfig: Setting CVar [[r.ViewDistanceScale:1.0]]
[2020.02.01-23.11.51:163][  0]LogConfig: Applying CVar settings from Section [AntiAliasingQuality@3] File [D:/Documents/GGJ2020/GGJ2020PanelPanic/PanelPanic/Saved/Config/Windows/Scalability.ini]
[2020.02.01-23.11.51:163][  0]LogConfig: Setting CVar [[r.PostProcessAAQuality:4]]
[2020.02.01-23.11.51:163][  0]LogConfig: Applying CVar settings from Section [ShadowQuality@3] File [D:/Documents/GGJ2020/GGJ2020PanelPanic/PanelPanic/Saved/Config/Windows/Scalability.ini]
[2020.02.01-23.11.51:163][  0]LogConfig: Setting CVar [[r.LightFunctionQuality:1]]
[2020.02.01-23.11.51:163][  0]LogConfig: Setting CVar [[r.ShadowQuality:5]]
[2020.02.01-23.11.51:163][  0]LogConfig: Setting CVar [[r.Shadow.CSM.MaxCascades:10]]
[2020.02.01-23.11.51:163][  0]LogConfig: Setting CVar [[r.Shadow.MaxResolution:2048]]
[2020.02.01-23.11.51:163][  0]LogConfig: Setting CVar [[r.Shadow.MaxCSMResolution:2048]]
[2020.02.01-23.11.51:163][  0]LogConfig: Setting CVar [[r.Shadow.RadiusThreshold:0.01]]
[2020.02.01-23.11.51:163][  0]LogConfig: Setting CVar [[r.Shadow.DistanceScale:1.0]]
[2020.02.01-23.11.51:163][  0]LogConfig: Setting CVar [[r.Shadow.CSM.TransitionScale:1.0]]
[2020.02.01-23.11.51:163][  0]LogConfig: Setting CVar [[r.Shadow.PreShadowResolutionFactor:1.0]]
[2020.02.01-23.11.51:163][  0]LogConfig: Setting CVar [[r.DistanceFieldShadowing:1]]
[2020.02.01-23.11.51:163][  0]LogConfig: Setting CVar [[r.DistanceFieldAO:1]]
[2020.02.01-23.11.51:163][  0]LogConfig: Setting CVar [[r.AOQuality:2]]
[2020.02.01-23.11.51:163][  0]LogConfig: Setting CVar [[r.VolumetricFog:1]]
[2020.02.01-23.11.51:163][  0]LogConfig: Setting CVar [[r.VolumetricFog.GridPixelSize:8]]
[2020.02.01-23.11.51:163][  0]LogConfig: Setting CVar [[r.VolumetricFog.GridSizeZ:128]]
[2020.02.01-23.11.51:163][  0]LogConfig: Setting CVar [[r.VolumetricFog.HistoryMissSupersampleCount:4]]
[2020.02.01-23.11.51:163][  0]LogConfig: Setting CVar [[r.LightMaxDrawDistanceScale:1]]
[2020.02.01-23.11.51:163][  0]LogConfig: Setting CVar [[r.CapsuleShadows:1]]
[2020.02.01-23.11.51:163][  0]LogConfig: Applying CVar settings from Section [PostProcessQuality@3] File [D:/Documents/GGJ2020/GGJ2020PanelPanic/PanelPanic/Saved/Config/Windows/Scalability.ini]
[2020.02.01-23.11.51:163][  0]LogConfig: Setting CVar [[r.MotionBlurQuality:4]]
[2020.02.01-23.11.51:163][  0]LogConfig: Setting CVar [[r.AmbientOcclusionMipLevelFactor:0.4]]
[2020.02.01-23.11.51:163][  0]LogConfig: Setting CVar [[r.AmbientOcclusionMaxQuality:100]]
[2020.02.01-23.11.51:163][  0]LogConfig: Setting CVar [[r.AmbientOcclusionLevels:-1]]
[2020.02.01-23.11.51:164][  0]LogConfig: Setting CVar [[r.AmbientOcclusionRadiusScale:1.0]]
[2020.02.01-23.11.51:164][  0]LogConfig: Setting CVar [[r.DepthOfFieldQuality:2]]
[2020.02.01-23.11.51:164][  0]LogConfig: Setting CVar [[r.RenderTargetPoolMin:400]]
[2020.02.01-23.11.51:164][  0]LogConfig: Setting CVar [[r.LensFlareQuality:2]]
[2020.02.01-23.11.51:164][  0]LogConfig: Setting CVar [[r.SceneColorFringeQuality:1]]
[2020.02.01-23.11.51:164][  0]LogConfig: Setting CVar [[r.EyeAdaptationQuality:2]]
[2020.02.01-23.11.51:164][  0]LogConfig: Setting CVar [[r.BloomQuality:5]]
[2020.02.01-23.11.51:164][  0]LogConfig: Setting CVar [[r.FastBlurThreshold:100]]
[2020.02.01-23.11.51:164][  0]LogConfig: Setting CVar [[r.Upscale.Quality:3]]
[2020.02.01-23.11.51:164][  0]LogConfig: Setting CVar [[r.Tonemapper.GrainQuantization:1]]
[2020.02.01-23.11.51:164][  0]LogConfig: Setting CVar [[r.LightShaftQuality:1]]
[2020.02.01-23.11.51:164][  0]LogConfig: Setting CVar [[r.Filter.SizeScale:1]]
[2020.02.01-23.11.51:164][  0]LogConfig: Setting CVar [[r.Tonemapper.Quality:5]]
[2020.02.01-23.11.51:164][  0]LogConfig: Setting CVar [[r.DOF.Gather.AccumulatorQuality:1        ; higher gathering accumulator quality]]
[2020.02.01-23.11.51:164][  0]LogConfig: Setting CVar [[r.DOF.Gather.PostfilterMethod:1          ; Median3x3 postfilering method]]
[2020.02.01-23.11.51:164][  0]LogConfig: Setting CVar [[r.DOF.Gather.EnableBokehSettings:0       ; no bokeh simulation when gathering]]
[2020.02.01-23.11.51:164][  0]LogConfig: Setting CVar [[r.DOF.Gather.RingCount:4                 ; medium number of samples when gathering]]
[2020.02.01-23.11.51:164][  0]LogConfig: Setting CVar [[r.DOF.Scatter.ForegroundCompositing:1    ; additive foreground scattering]]
[2020.02.01-23.11.51:164][  0]LogConfig: Setting CVar [[r.DOF.Scatter.BackgroundCompositing:2    ; additive background scattering]]
[2020.02.01-23.11.51:164][  0]LogConfig: Setting CVar [[r.DOF.Scatter.EnableBokehSettings:1      ; bokeh simulation when scattering]]
[2020.02.01-23.11.51:164][  0]LogConfig: Setting CVar [[r.DOF.Scatter.MaxSpriteRatio:0.1         ; only a maximum of 10% of scattered bokeh]]
[2020.02.01-23.11.51:164][  0]LogConfig: Setting CVar [[r.DOF.Recombine.Quality:1                ; cheap slight out of focus]]
[2020.02.01-23.11.51:164][  0]LogConfig: Setting CVar [[r.DOF.Recombine.EnableBokehSettings:0    ; no bokeh simulation on slight out of focus]]
[2020.02.01-23.11.51:164][  0]LogConfig: Setting CVar [[r.DOF.TemporalAAQuality:1                ; more stable temporal accumulation]]
[2020.02.01-23.11.51:164][  0]LogConfig: Setting CVar [[r.DOF.Kernel.MaxForegroundRadius:0.025]]
[2020.02.01-23.11.51:164][  0]LogConfig: Setting CVar [[r.DOF.Kernel.MaxBackgroundRadius:0.025]]
[2020.02.01-23.11.51:164][  0]LogConfig: Applying CVar settings from Section [TextureQuality@3] File [D:/Documents/GGJ2020/GGJ2020PanelPanic/PanelPanic/Saved/Config/Windows/Scalability.ini]
[2020.02.01-23.11.51:164][  0]LogConfig: Setting CVar [[r.Streaming.MipBias:0]]
[2020.02.01-23.11.51:164][  0]LogConfig: Setting CVar [[r.Streaming.AmortizeCPUToGPUCopy:0]]
[2020.02.01-23.11.51:164][  0]LogConfig: Setting CVar [[r.Streaming.MaxNumTexturesToStreamPerFrame:0]]
[2020.02.01-23.11.51:164][  0]LogConfig: Setting CVar [[r.Streaming.Boost:1]]
[2020.02.01-23.11.51:164][  0]LogConfig: Setting CVar [[r.MaxAnisotropy:8]]
[2020.02.01-23.11.51:164][  0]LogConfig: Setting CVar [[r.VT.MaxAnisotropy:8]]
[2020.02.01-23.11.51:164][  0]LogConfig: Setting CVar [[r.Streaming.LimitPoolSizeToVRAM:0]]
[2020.02.01-23.11.51:164][  0]LogConfig: Setting CVar [[r.Streaming.PoolSize:1000]]
[2020.02.01-23.11.51:164][  0]LogConfig: Setting CVar [[r.Streaming.MaxEffectiveScreenSize:0]]
[2020.02.01-23.11.51:164][  0]LogConfig: Applying CVar settings from Section [EffectsQuality@3] File [D:/Documents/GGJ2020/GGJ2020PanelPanic/PanelPanic/Saved/Config/Windows/Scalability.ini]
[2020.02.01-23.11.51:164][  0]LogConfig: Setting CVar [[r.TranslucencyLightingVolumeDim:64]]
[2020.02.01-23.11.51:164][  0]LogConfig: Setting CVar [[r.RefractionQuality:2]]
[2020.02.01-23.11.51:164][  0]LogConfig: Setting CVar [[r.SSR.Quality:3]]
[2020.02.01-23.11.51:164][  0]LogConfig: Setting CVar [[r.SSR.HalfResSceneColor:0]]
[2020.02.01-23.11.51:164][  0]LogConfig: Setting CVar [[r.SceneColorFormat:4]]
[2020.02.01-23.11.51:164][  0]LogConfig: Setting CVar [[r.DetailMode:2]]
[2020.02.01-23.11.51:164][  0]LogConfig: Setting CVar [[r.TranslucencyVolumeBlur:1]]
[2020.02.01-23.11.51:164][  0]LogConfig: Setting CVar [[r.MaterialQualityLevel:1 ; High quality]]
[2020.02.01-23.11.51:164][  0]LogConfig: Setting CVar [[r.SSS.Scale:1]]
[2020.02.01-23.11.51:164][  0]LogConfig: Setting CVar [[r.SSS.SampleSet:2]]
[2020.02.01-23.11.51:164][  0]LogConfig: Setting CVar [[r.SSS.Quality:1]]
[2020.02.01-23.11.51:164][  0]LogConfig: Setting CVar [[r.SSS.HalfRes:1]]
[2020.02.01-23.11.51:164][  0]LogConfig: Setting CVar [[r.SSGI.Quality:3]]
[2020.02.01-23.11.51:164][  0]LogConfig: Setting CVar [[r.EmitterSpawnRateScale:1.0]]
[2020.02.01-23.11.51:164][  0]LogConfig: Setting CVar [[r.ParticleLightQuality:2]]
[2020.02.01-23.11.51:164][  0]LogConfig: Setting CVar [[r.SkyAtmosphere.AerialPerspectiveLUT.FastApplyOnOpaque:1 ; Always have FastSkyLUT 1 in this case to avoid wrong sky]]
[2020.02.01-23.11.51:164][  0]LogConfig: Setting CVar [[r.SkyAtmosphere.AerialPerspectiveLUT.SampleCountPerSlice:1]]
[2020.02.01-23.11.51:164][  0]LogConfig: Setting CVar [[r.SkyAtmosphere.AerialPerspectiveLUT.DepthResolution:16.0]]
[2020.02.01-23.11.51:165][  0]LogConfig: Setting CVar [[r.SkyAtmosphere.FastSkyLUT:1]]
[2020.02.01-23.11.51:165][  0]LogConfig: Setting CVar [[r.SkyAtmosphere.FastSkyLUT.SampleCountMin:4.0]]
[2020.02.01-23.11.51:165][  0]LogConfig: Setting CVar [[r.SkyAtmosphere.FastSkyLUT.SampleCountMax:32.0]]
[2020.02.01-23.11.51:165][  0]LogConfig: Setting CVar [[r.SkyAtmosphere.SampleCountMin:4.0]]
[2020.02.01-23.11.51:165][  0]LogConfig: Setting CVar [[r.SkyAtmosphere.SampleCountMax:32.0]]
[2020.02.01-23.11.51:165][  0]LogConfig: Setting CVar [[r.SkyAtmosphere.TransmittanceLUT.UseSmallFormat:0]]
[2020.02.01-23.11.51:165][  0]LogConfig: Setting CVar [[r.SkyAtmosphere.TransmittanceLUT.SampleCount:10.0]]
[2020.02.01-23.11.51:165][  0]LogConfig: Setting CVar [[r.SkyAtmosphere.MultiScatteringLUT.SampleCount:15.0]]
[2020.02.01-23.11.51:165][  0]LogConfig: Applying CVar settings from Section [FoliageQuality@3] File [D:/Documents/GGJ2020/GGJ2020PanelPanic/PanelPanic/Saved/Config/Windows/Scalability.ini]
[2020.02.01-23.11.51:165][  0]LogConfig: Setting CVar [[foliage.DensityScale:1.0]]
[2020.02.01-23.11.51:165][  0]LogConfig: Setting CVar [[grass.DensityScale:1.0]]
[2020.02.01-23.11.51:165][  0]LogConfig: Applying CVar settings from Section [ShadingQuality@3] File [D:/Documents/GGJ2020/GGJ2020PanelPanic/PanelPanic/Saved/Config/Windows/Scalability.ini]
[2020.02.01-23.11.51:165][  0]LogConfig: Setting CVar [[r.HairStrands.SkyLighting.SampleCount:16]]
[2020.02.01-23.11.51:165][  0]LogConfig: Setting CVar [[r.HairStrands.SkyLighting.JitterIntegration:0]]
[2020.02.01-23.11.51:165][  0]LogConfig: Setting CVar [[r.HairStrands.SkyAO.SampleCount:16]]
[2020.02.01-23.11.51:165][  0]LogInit: Selected Device Profile: [Windows]
[2020.02.01-23.11.51:165][  0]LogInit: Applying CVar settings loaded from the selected device profile: [Windows]
[2020.02.01-23.11.51:167][  0]LogHAL: Display: Platform has ~ 16 GB [17031782400 / 17179869184 / 16], which maps to Larger [LargestMinGB=32, LargerMinGB=12, DefaultMinGB=8, SmallerMinGB=6, SmallestMinGB=0)
[2020.02.01-23.11.51:167][  0]LogInit: Going up to parent DeviceProfile []
[2020.02.01-23.11.51:167][  0]LogConfig: Applying CVar settings from Section [ViewDistanceQuality@3] File [D:/Documents/GGJ2020/GGJ2020PanelPanic/PanelPanic/Saved/Config/Windows/Scalability.ini]
[2020.02.01-23.11.51:167][  0]LogConfig: Setting CVar [[r.SkeletalMeshLODBias:0]]
[2020.02.01-23.11.51:167][  0]LogConfig: Setting CVar [[r.ViewDistanceScale:1.0]]
[2020.02.01-23.11.51:167][  0]LogConfig: Applying CVar settings from Section [AntiAliasingQuality@3] File [D:/Documents/GGJ2020/GGJ2020PanelPanic/PanelPanic/Saved/Config/Windows/Scalability.ini]
[2020.02.01-23.11.51:167][  0]LogConfig: Setting CVar [[r.PostProcessAAQuality:4]]
[2020.02.01-23.11.51:167][  0]LogConfig: Applying CVar settings from Section [ShadowQuality@3] File [D:/Documents/GGJ2020/GGJ2020PanelPanic/PanelPanic/Saved/Config/Windows/Scalability.ini]
[2020.02.01-23.11.51:167][  0]LogConfig: Setting CVar [[r.LightFunctionQuality:1]]
[2020.02.01-23.11.51:167][  0]LogConfig: Setting CVar [[r.ShadowQuality:5]]
[2020.02.01-23.11.51:167][  0]LogConfig: Setting CVar [[r.Shadow.CSM.MaxCascades:10]]
[2020.02.01-23.11.51:167][  0]LogConfig: Setting CVar [[r.Shadow.MaxResolution:2048]]
[2020.02.01-23.11.51:167][  0]LogConfig: Setting CVar [[r.Shadow.MaxCSMResolution:2048]]
[2020.02.01-23.11.51:167][  0]LogConfig: Setting CVar [[r.Shadow.RadiusThreshold:0.01]]
[2020.02.01-23.11.51:167][  0]LogConfig: Setting CVar [[r.Shadow.DistanceScale:1.0]]
[2020.02.01-23.11.51:167][  0]LogConfig: Setting CVar [[r.Shadow.CSM.TransitionScale:1.0]]
[2020.02.01-23.11.51:167][  0]LogConfig: Setting CVar [[r.Shadow.PreShadowResolutionFactor:1.0]]
[2020.02.01-23.11.51:167][  0]LogConfig: Setting CVar [[r.DistanceFieldShadowing:1]]
[2020.02.01-23.11.51:167][  0]LogConfig: Setting CVar [[r.DistanceFieldAO:1]]
[2020.02.01-23.11.51:167][  0]LogConfig: Setting CVar [[r.AOQuality:2]]
[2020.02.01-23.11.51:167][  0]LogConfig: Setting CVar [[r.VolumetricFog:1]]
[2020.02.01-23.11.51:167][  0]LogConfig: Setting CVar [[r.VolumetricFog.GridPixelSize:8]]
[2020.02.01-23.11.51:167][  0]LogConfig: Setting CVar [[r.VolumetricFog.GridSizeZ:128]]
[2020.02.01-23.11.51:167][  0]LogConfig: Setting CVar [[r.VolumetricFog.HistoryMissSupersampleCount:4]]
[2020.02.01-23.11.51:167][  0]LogConfig: Setting CVar [[r.LightMaxDrawDistanceScale:1]]
[2020.02.01-23.11.51:167][  0]LogConfig: Setting CVar [[r.CapsuleShadows:1]]
[2020.02.01-23.11.51:167][  0]LogConfig: Applying CVar settings from Section [PostProcessQuality@3] File [D:/Documents/GGJ2020/GGJ2020PanelPanic/PanelPanic/Saved/Config/Windows/Scalability.ini]
[2020.02.01-23.11.51:167][  0]LogConfig: Setting CVar [[r.MotionBlurQuality:4]]
[2020.02.01-23.11.51:167][  0]LogConfig: Setting CVar [[r.AmbientOcclusionMipLevelFactor:0.4]]
[2020.02.01-23.11.51:167][  0]LogConfig: Setting CVar [[r.AmbientOcclusionMaxQuality:100]]
[2020.02.01-23.11.51:167][  0]LogConfig: Setting CVar [[r.AmbientOcclusionLevels:-1]]
[2020.02.01-23.11.51:167][  0]LogConfig: Setting CVar [[r.AmbientOcclusionRadiusScale:1.0]]
[2020.02.01-23.11.51:167][  0]LogConfig: Setting CVar [[r.DepthOfFieldQuality:2]]
[2020.02.01-23.11.51:167][  0]LogConfig: Setting CVar [[r.RenderTargetPoolMin:400]]
[2020.02.01-23.11.51:167][  0]LogConfig: Setting CVar [[r.LensFlareQuality:2]]
[2020.02.01-23.11.51:168][  0]LogConfig: Setting CVar [[r.SceneColorFringeQuality:1]]
[2020.02.01-23.11.51:168][  0]LogConfig: Setting CVar [[r.EyeAdaptationQuality:2]]
[2020.02.01-23.11.51:168][  0]LogConfig: Setting CVar [[r.BloomQuality:5]]
[2020.02.01-23.11.51:168][  0]LogConfig: Setting CVar [[r.FastBlurThreshold:100]]
[2020.02.01-23.11.51:168][  0]LogConfig: Setting CVar [[r.Upscale.Quality:3]]
[2020.02.01-23.11.51:168][  0]LogConfig: Setting CVar [[r.Tonemapper.GrainQuantization:1]]
[2020.02.01-23.11.51:168][  0]LogConfig: Setting CVar [[r.LightShaftQuality:1]]
[2020.02.01-23.11.51:168][  0]LogConfig: Setting CVar [[r.Filter.SizeScale:1]]
[2020.02.01-23.11.51:168][  0]LogConfig: Setting CVar [[r.Tonemapper.Quality:5]]
[2020.02.01-23.11.51:168][  0]LogConfig: Setting CVar [[r.DOF.Gather.AccumulatorQuality:1        ; higher gathering accumulator quality]]
[2020.02.01-23.11.51:168][  0]LogConfig: Setting CVar [[r.DOF.Gather.PostfilterMethod:1          ; Median3x3 postfilering method]]
[2020.02.01-23.11.51:168][  0]LogConfig: Setting CVar [[r.DOF.Gather.EnableBokehSettings:0       ; no bokeh simulation when gathering]]
[2020.02.01-23.11.51:168][  0]LogConfig: Setting CVar [[r.DOF.Gather.RingCount:4                 ; medium number of samples when gathering]]
[2020.02.01-23.11.51:168][  0]LogConfig: Setting CVar [[r.DOF.Scatter.ForegroundCompositing:1    ; additive foreground scattering]]
[2020.02.01-23.11.51:168][  0]LogConfig: Setting CVar [[r.DOF.Scatter.BackgroundCompositing:2    ; additive background scattering]]
[2020.02.01-23.11.51:168][  0]LogConfig: Setting CVar [[r.DOF.Scatter.EnableBokehSettings:1      ; bokeh simulation when scattering]]
[2020.02.01-23.11.51:168][  0]LogConfig: Setting CVar [[r.DOF.Scatter.MaxSpriteRatio:0.1         ; only a maximum of 10% of scattered bokeh]]
[2020.02.01-23.11.51:168][  0]LogConfig: Setting CVar [[r.DOF.Recombine.Quality:1                ; cheap slight out of focus]]
[2020.02.01-23.11.51:168][  0]LogConfig: Setting CVar [[r.DOF.Recombine.EnableBokehSettings:0    ; no bokeh simulation on slight out of focus]]
[2020.02.01-23.11.51:168][  0]LogConfig: Setting CVar [[r.DOF.TemporalAAQuality:1                ; more stable temporal accumulation]]
[2020.02.01-23.11.51:168][  0]LogConfig: Setting CVar [[r.DOF.Kernel.MaxForegroundRadius:0.025]]
[2020.02.01-23.11.51:168][  0]LogConfig: Setting CVar [[r.DOF.Kernel.MaxBackgroundRadius:0.025]]
[2020.02.01-23.11.51:168][  0]LogConfig: Applying CVar settings from Section [TextureQuality@3] File [D:/Documents/GGJ2020/GGJ2020PanelPanic/PanelPanic/Saved/Config/Windows/Scalability.ini]
[2020.02.01-23.11.51:168][  0]LogConfig: Setting CVar [[r.Streaming.MipBias:0]]
[2020.02.01-23.11.51:168][  0]LogConfig: Setting CVar [[r.Streaming.AmortizeCPUToGPUCopy:0]]
[2020.02.01-23.11.51:168][  0]LogConfig: Setting CVar [[r.Streaming.MaxNumTexturesToStreamPerFrame:0]]
[2020.02.01-23.11.51:168][  0]LogConfig: Setting CVar [[r.Streaming.Boost:1]]
[2020.02.01-23.11.51:168][  0]LogConfig: Setting CVar [[r.MaxAnisotropy:8]]
[2020.02.01-23.11.51:168][  0]LogConfig: Setting CVar [[r.VT.MaxAnisotropy:8]]
[2020.02.01-23.11.51:168][  0]LogConfig: Setting CVar [[r.Streaming.LimitPoolSizeToVRAM:0]]
[2020.02.01-23.11.51:168][  0]LogConfig: Setting CVar [[r.Streaming.PoolSize:1000]]
[2020.02.01-23.11.51:168][  0]LogConfig: Setting CVar [[r.Streaming.MaxEffectiveScreenSize:0]]
[2020.02.01-23.11.51:168][  0]LogConfig: Applying CVar settings from Section [EffectsQuality@3] File [D:/Documents/GGJ2020/GGJ2020PanelPanic/PanelPanic/Saved/Config/Windows/Scalability.ini]
[2020.02.01-23.11.51:168][  0]LogConfig: Setting CVar [[r.TranslucencyLightingVolumeDim:64]]
[2020.02.01-23.11.51:168][  0]LogConfig: Setting CVar [[r.RefractionQuality:2]]
[2020.02.01-23.11.51:168][  0]LogConfig: Setting CVar [[r.SSR.Quality:3]]
[2020.02.01-23.11.51:168][  0]LogConfig: Setting CVar [[r.SSR.HalfResSceneColor:0]]
[2020.02.01-23.11.51:168][  0]LogConfig: Setting CVar [[r.SceneColorFormat:4]]
[2020.02.01-23.11.51:168][  0]LogConfig: Setting CVar [[r.DetailMode:2]]
[2020.02.01-23.11.51:168][  0]LogConfig: Setting CVar [[r.TranslucencyVolumeBlur:1]]
[2020.02.01-23.11.51:168][  0]LogConfig: Setting CVar [[r.MaterialQualityLevel:1 ; High quality]]
[2020.02.01-23.11.51:168][  0]LogConfig: Setting CVar [[r.SSS.Scale:1]]
[2020.02.01-23.11.51:168][  0]LogConfig: Setting CVar [[r.SSS.SampleSet:2]]
[2020.02.01-23.11.51:168][  0]LogConfig: Setting CVar [[r.SSS.Quality:1]]
[2020.02.01-23.11.51:168][  0]LogConfig: Setting CVar [[r.SSS.HalfRes:1]]
[2020.02.01-23.11.51:168][  0]LogConfig: Setting CVar [[r.SSGI.Quality:3]]
[2020.02.01-23.11.51:168][  0]LogConfig: Setting CVar [[r.EmitterSpawnRateScale:1.0]]
[2020.02.01-23.11.51:168][  0]LogConfig: Setting CVar [[r.ParticleLightQuality:2]]
[2020.02.01-23.11.51:168][  0]LogConfig: Setting CVar [[r.SkyAtmosphere.AerialPerspectiveLUT.FastApplyOnOpaque:1 ; Always have FastSkyLUT 1 in this case to avoid wrong sky]]
[2020.02.01-23.11.51:168][  0]LogConfig: Setting CVar [[r.SkyAtmosphere.AerialPerspectiveLUT.SampleCountPerSlice:1]]
[2020.02.01-23.11.51:168][  0]LogConfig: Setting CVar [[r.SkyAtmosphere.AerialPerspectiveLUT.DepthResolution:16.0]]
[2020.02.01-23.11.51:168][  0]LogConfig: Setting CVar [[r.SkyAtmosphere.FastSkyLUT:1]]
[2020.02.01-23.11.51:168][  0]LogConfig: Setting CVar [[r.SkyAtmosphere.FastSkyLUT.SampleCountMin:4.0]]
[2020.02.01-23.11.51:168][  0]LogConfig: Setting CVar [[r.SkyAtmosphere.FastSkyLUT.SampleCountMax:32.0]]
[2020.02.01-23.11.51:168][  0]LogConfig: Setting CVar [[r.SkyAtmosphere.SampleCountMin:4.0]]
[2020.02.01-23.11.51:168][  0]LogConfig: Setting CVar [[r.SkyAtmosphere.SampleCountMax:32.0]]
[2020.02.01-23.11.51:168][  0]LogConfig: Setting CVar [[r.SkyAtmosphere.TransmittanceLUT.UseSmallFormat:0]]
[2020.02.01-23.11.51:168][  0]LogConfig: Setting CVar [[r.SkyAtmosphere.TransmittanceLUT.SampleCount:10.0]]
[2020.02.01-23.11.51:168][  0]LogConfig: Setting CVar [[r.SkyAtmosphere.MultiScatteringLUT.SampleCount:15.0]]
[2020.02.01-23.11.51:168][  0]LogConfig: Applying CVar settings from Section [FoliageQuality@3] File [D:/Documents/GGJ2020/GGJ2020PanelPanic/PanelPanic/Saved/Config/Windows/Scalability.ini]
[2020.02.01-23.11.51:168][  0]LogConfig: Setting CVar [[foliage.DensityScale:1.0]]
[2020.02.01-23.11.51:168][  0]LogConfig: Setting CVar [[grass.DensityScale:1.0]]
[2020.02.01-23.11.51:168][  0]LogConfig: Applying CVar settings from Section [ShadingQuality@3] File [D:/Documents/GGJ2020/GGJ2020PanelPanic/PanelPanic/Saved/Config/Windows/Scalability.ini]
[2020.02.01-23.11.51:168][  0]LogConfig: Setting CVar [[r.HairStrands.SkyLighting.SampleCount:16]]
[2020.02.01-23.11.51:168][  0]LogConfig: Setting CVar [[r.HairStrands.SkyLighting.JitterIntegration:0]]
[2020.02.01-23.11.51:168][  0]LogConfig: Setting CVar [[r.HairStrands.SkyAO.SampleCount:16]]
[2020.02.01-23.11.51:168][  0]LogConfig: Applying CVar settings from Section [Startup] File [../../../Engine/Config/ConsoleVariables.ini]
[2020.02.01-23.11.51:169][  0]LogConfig: Setting CVar [[net.UseAdaptiveNetUpdateFrequency:0]]
[2020.02.01-23.11.51:169][  0]LogConfig: Setting CVar [[p.chaos.AllowCreatePhysxBodies:1]]
[2020.02.01-23.11.51:169][  0]LogConfig: Applying CVar settings from Section [ConsoleVariables] File [D:/Documents/GGJ2020/GGJ2020PanelPanic/PanelPanic/Saved/Config/Windows/Engine.ini]
[2020.02.01-23.11.51:169][  0]LogInit: Computer: DESKTOP-PNUDQPL
[2020.02.01-23.11.51:169][  0]LogInit: User: BasW
[2020.02.01-23.11.51:169][  0]LogInit: CPU Page size=4096, Cores=6
[2020.02.01-23.11.51:169][  0]LogInit: High frequency timer resolution =10.000000 MHz
[2020.02.01-23.11.51:169][  0]LogMemory: Memory total: Physical=15.9GB (16GB approx)
[2020.02.01-23.11.51:169][  0]LogMemory: Platform Memory Stats for Windows
[2020.02.01-23.11.51:169][  0]LogMemory: Process Physical Memory: 111.18 MB used, 111.19 MB peak
[2020.02.01-23.11.51:169][  0]LogMemory: Process Virtual Memory: 106.37 MB used, 106.37 MB peak
[2020.02.01-23.11.51:169][  0]LogMemory: Physical Memory: 7668.79 MB used,  8573.98 MB free, 16242.77 MB total
[2020.02.01-23.11.51:169][  0]LogMemory: Virtual Memory: 5204.13 MB used,  134212520.00 MB free, 134217728.00 MB total
[2020.02.01-23.11.51:234][  0]LogWindows: WindowsPlatformFeatures enabled
[2020.02.01-23.11.51:256][  0]LogInit: Using OS detected language (en-US).
[2020.02.01-23.11.51:256][  0]LogInit: Using OS detected locale (en-US).
[2020.02.01-23.11.51:257][  0]LogTextLocalizationManager: No specific localization for 'en-US' exists, so the 'en' localization will be used.
[2020.02.01-23.11.51:444][  0]LogInit: Setting process to per monitor DPI aware
[2020.02.01-23.11.51:506][  0]LogSlate: New Slate User Created.  User Index 0, Is Virtual User: 0
[2020.02.01-23.11.51:506][  0]LogSlate: Slate User Registered.  User Index 0, Is Virtual User: 0
[2020.02.01-23.11.51:681][  0]LogHMD: Failed to initialize OpenVR with code 126
[2020.02.01-23.11.51:681][  0]LogD3D11RHI: D3D11 min allowed feature level: 11_0
[2020.02.01-23.11.51:681][  0]LogD3D11RHI: D3D11 max allowed feature level: 11_0
[2020.02.01-23.11.51:681][  0]LogD3D11RHI: D3D11 adapters:
[2020.02.01-23.11.51:742][  0]LogD3D11RHI:    0. 'NVIDIA GeForce GTX 1070' (Feature Level 11_0)
[2020.02.01-23.11.51:742][  0]LogD3D11RHI:       8081/0/8121 MB DedicatedVideo/DedicatedSystem/SharedSystem, Outputs:2, VendorId:0x10de
[2020.02.01-23.11.51:775][  0]LogD3D11RHI:    1. 'Intel(R) UHD Graphics 630' (Feature Level 11_0)
[2020.02.01-23.11.51:775][  0]LogD3D11RHI:       128/0/8121 MB DedicatedVideo/DedicatedSystem/SharedSystem, Outputs:0, VendorId:0x8086
[2020.02.01-23.11.51:777][  0]LogD3D11RHI:    2. 'Microsoft Basic Render Driver' (Feature Level 11_0)
[2020.02.01-23.11.51:777][  0]LogD3D11RHI:       0/0/8121 MB DedicatedVideo/DedicatedSystem/SharedSystem, Outputs:0, VendorId:0x1414
[2020.02.01-23.11.51:777][  0]LogD3D11RHI: Chosen D3D11 Adapter: 0
[2020.02.01-23.11.51:791][  0]LogD3D11RHI: Creating new Direct3DDevice
[2020.02.01-23.11.51:791][  0]LogD3D11RHI:     GPU DeviceId: 0x1be1 (for the marketing name, search the web for "GPU Device Id")
[2020.02.01-23.11.51:792][  0]LogWindows: EnumDisplayDevices:
[2020.02.01-23.11.51:792][  0]LogWindows:    0. 'NVIDIA GeForce GTX 1070' (P:1 D:1)
[2020.02.01-23.11.51:792][  0]LogWindows:    1. 'NVIDIA GeForce GTX 1070' (P:0 D:1)
[2020.02.01-23.11.51:792][  0]LogWindows:    2. 'NVIDIA GeForce GTX 1070' (P:0 D:0)
[2020.02.01-23.11.51:793][  0]LogWindows:    3. 'NVIDIA GeForce GTX 1070' (P:0 D:0)
[2020.02.01-23.11.51:793][  0]LogWindows:    4. 'Intel(R) UHD Graphics 630' (P:0 D:0)
[2020.02.01-23.11.51:793][  0]LogWindows:    5. 'Intel(R) UHD Graphics 630' (P:0 D:0)
[2020.02.01-23.11.51:793][  0]LogWindows:    6. 'Intel(R) UHD Graphics 630' (P:0 D:0)
[2020.02.01-23.11.51:794][  0]LogWindows: DebugString: PrimaryIsNotTheChoosenAdapter PrimaryIsNotTheChoosenAdapter PrimaryIsNotTheChoosenAdapter FoundDriverCount:4 
[2020.02.01-23.11.51:794][  0]LogD3D11RHI:     Adapter Name: NVIDIA GeForce GTX 1070
[2020.02.01-23.11.51:794][  0]LogD3D11RHI:   Driver Version: 441.22 (internal:26.21.14.4122, unified:441.22)
[2020.02.01-23.11.51:794][  0]LogD3D11RHI:      Driver Date: 11-7-2019
[2020.02.01-23.11.51:794][  0]LogRHI: Texture pool is 5656 MB (70% of 8081 MB)
[2020.02.01-23.11.51:836][  0]LogD3D11RHI: RHI has support for 64 bit atomics
[2020.02.01-23.11.51:836][  0]LogD3D11RHI: Async texture creation enabled
[2020.02.01-23.11.51:995][  0]LogD3D11RHI: GPU Timing Frequency: 1000.000000 (Debug: 2 1)
[2020.02.01-23.11.52:299][  0]LogTargetPlatformManager: Display: Loaded TargetPlatform 'AllDesktop'
[2020.02.01-23.11.52:327][  0]LogTargetPlatformManager: Display: Loaded TargetPlatform 'Android'
[2020.02.01-23.11.52:327][  0]LogTargetPlatformManager: Display: Loaded TargetPlatform 'Android_ASTC'
[2020.02.01-23.11.52:328][  0]LogTargetPlatformManager: Display: Loaded TargetPlatform 'Android_ATC'
[2020.02.01-23.11.52:328][  0]LogTargetPlatformManager: Display: Loaded TargetPlatform 'Android_DXT'
[2020.02.01-23.11.52:328][  0]LogTargetPlatformManager: Display: Loaded TargetPlatform 'Android_ETC1'
[2020.02.01-23.11.52:328][  0]LogTargetPlatformManager: Display: Loaded TargetPlatform 'Android_ETC1a'
[2020.02.01-23.11.52:328][  0]LogTargetPlatformManager: Display: Loaded TargetPlatform 'Android_ETC2'
[2020.02.01-23.11.52:328][  0]LogTargetPlatformManager: Display: Loaded TargetPlatform 'Android_PVRTC'
[2020.02.01-23.11.52:328][  0]LogTargetPlatformManager: Display: Loaded TargetPlatform 'AndroidClient'
[2020.02.01-23.11.52:328][  0]LogTargetPlatformManager: Display: Loaded TargetPlatform 'Android_ASTCClient'
[2020.02.01-23.11.52:328][  0]LogTargetPlatformManager: Display: Loaded TargetPlatform 'Android_ATCClient'
[2020.02.01-23.11.52:328][  0]LogTargetPlatformManager: Display: Loaded TargetPlatform 'Android_DXTClient'
[2020.02.01-23.11.52:328][  0]LogTargetPlatformManager: Display: Loaded TargetPlatform 'Android_ETC1Client'
[2020.02.01-23.11.52:328][  0]LogTargetPlatformManager: Display: Loaded TargetPlatform 'Android_ETC1aClient'
[2020.02.01-23.11.52:328][  0]LogTargetPlatformManager: Display: Loaded TargetPlatform 'Android_ETC2Client'
[2020.02.01-23.11.52:328][  0]LogTargetPlatformManager: Display: Loaded TargetPlatform 'Android_PVRTCClient'
[2020.02.01-23.11.52:328][  0]LogTargetPlatformManager: Display: Loaded TargetPlatform 'Android_Multi'
[2020.02.01-23.11.52:328][  0]LogTargetPlatformManager: Display: Loaded TargetPlatform 'Android_MultiClient'
[2020.02.01-23.11.52:344][  0]LogTargetPlatformManager: Display: Loaded TargetPlatform 'IOSClient'
[2020.02.01-23.11.52:344][  0]LogTargetPlatformManager: Display: Loaded TargetPlatform 'IOS'
[2020.02.01-23.11.52:350][  0]LogTargetPlatformManager: Display: Loaded TargetPlatform 'LinuxNoEditor'
[2020.02.01-23.11.52:356][  0]LogTargetPlatformManager: Display: Loaded TargetPlatform 'LinuxClient'
[2020.02.01-23.11.52:362][  0]LogTargetPlatformManager: Display: Loaded TargetPlatform 'LinuxServer'
[2020.02.01-23.11.52:368][  0]LogTargetPlatformManager: Display: Loaded TargetPlatform 'LinuxAArch64NoEditor'
[2020.02.01-23.11.52:374][  0]LogTargetPlatformManager: Display: Loaded TargetPlatform 'LinuxAArch64Client'
[2020.02.01-23.11.52:380][  0]LogTargetPlatformManager: Display: Loaded TargetPlatform 'LinuxAArch64Server'
[2020.02.01-23.11.52:401][  0]LogTargetPlatformManager: Display: Loaded TargetPlatform 'Lumin'
[2020.02.01-23.11.52:401][  0]LogTargetPlatformManager: Display: Loaded TargetPlatform 'LuminClient'
[2020.02.01-23.11.52:413][  0]LogTargetPlatformManager: Display: Loaded TargetPlatform 'TVOSClient'
[2020.02.01-23.11.52:413][  0]LogTargetPlatformManager: Display: Loaded TargetPlatform 'TVOS'
[2020.02.01-23.11.52:420][  0]LogTargetPlatformManager: Display: Loaded TargetPlatform 'WindowsNoEditor'
[2020.02.01-23.11.52:426][  0]LogTargetPlatformManager: Display: Loaded TargetPlatform 'Windows'
[2020.02.01-23.11.52:433][  0]LogTargetPlatformManager: Display: Loaded TargetPlatform 'WindowsClient'
[2020.02.01-23.11.52:438][  0]LogTargetPlatformManager: Display: Loaded TargetPlatform 'WindowsServer'
[2020.02.01-23.11.52:438][  0]LogTargetPlatformManager: Display: Building Assets For Windows
[2020.02.01-23.11.52:441][  0]LogAudioDebug: Display: Lib vorbis DLL was dynamically loaded.
[2020.02.01-23.11.52:458][  0]LogShaderCompilers: Guid format shader working directory is -16 characters bigger than the processId version (../../../../../Documents/GGJ2020/GGJ2020PanelPanic/PanelPanic/Intermediate/Shaders/WorkingDirectory/59960/).
[2020.02.01-23.11.52:459][  0]LogShaderCompilers: Cleaned the shader compiler working directory 'C:/Users/Bas_W/AppData/Local/Temp/UnrealShaderWorkingDir/D48AA3A847E9A03EB13B2793EEE57940/'.
[2020.02.01-23.11.52:459][  0]LogXGEController: Cleaning working directory: C:/Users/Bas_W/AppData/Local/Temp/UnrealXGEWorkingDir/
[2020.02.01-23.11.52:459][  0]LogXGEController: Cannot use XGE Controller as Incredibuild is not installed on this machine.
[2020.02.01-23.11.52:459][  0]LogShaderCompilers: Cannot use XGE Shader Compiler as Incredibuild is not installed on this machine.
[2020.02.01-23.11.52:459][  0]LogShaderCompilers: Display: Using Local Shader Compiler.
[2020.02.01-23.11.53:085][  0]LogDerivedDataCache: Display: Max Cache Size: 512 MB
[2020.02.01-23.11.53:149][  0]LogDerivedDataCache: Loaded boot cache 0.06s 81MB C:/Users/Bas_W/AppData/Local/UnrealEngine/4.24/DerivedDataCache/Boot.ddc.
[2020.02.01-23.11.53:149][  0]LogDerivedDataCache: Display: Loaded Boot cache: C:/Users/Bas_W/AppData/Local/UnrealEngine/4.24/DerivedDataCache/Boot.ddc
[2020.02.01-23.11.53:149][  0]LogDerivedDataCache: FDerivedDataBackendGraph:  Pak pak cache file ../../../../../Documents/GGJ2020/GGJ2020PanelPanic/PanelPanic/DerivedDataCache/DDC.ddp not found, will not use a pak cache.
[2020.02.01-23.11.53:149][  0]LogDerivedDataCache: Unable to find inner node Pak for hierarchical cache Hierarchy.
[2020.02.01-23.11.53:149][  0]LogDerivedDataCache: FDerivedDataBackendGraph:  CompressedPak pak cache file ../../../../../Documents/GGJ2020/GGJ2020PanelPanic/PanelPanic/DerivedDataCache/Compressed.ddp not found, will not use a pak cache.
[2020.02.01-23.11.53:149][  0]LogDerivedDataCache: Unable to find inner node CompressedPak for hierarchical cache Hierarchy.
[2020.02.01-23.11.53:158][  0]LogDerivedDataCache: Display: Pak cache opened for reading ../../../Engine/DerivedDataCache/Compressed.ddp.
[2020.02.01-23.11.53:158][  0]LogDerivedDataCache: FDerivedDataBackendGraph:  EnterprisePak pak cache file ../../../Enterprise/DerivedDataCache/Compressed.ddp not found, will not use a pak cache.
[2020.02.01-23.11.53:158][  0]LogDerivedDataCache: Unable to find inner node EnterprisePak for hierarchical cache Hierarchy.
[2020.02.01-23.11.53:160][  0]LogDerivedDataCache: Using Local data cache path C:/Users/Bas_W/AppData/Local/UnrealEngine/Common/DerivedDataCache: Writable
[2020.02.01-23.11.53:160][  0]LogDerivedDataCache: Shared data cache path not found in *engine.ini, will not use an Shared cache.
[2020.02.01-23.11.53:160][  0]LogDerivedDataCache: Unable to find inner node Shared for hierarchical cache Hierarchy.
[2020.02.01-23.11.53:182][  0]LogMaterial: Verifying Global Shaders for PCD3D_SM5
[2020.02.01-23.11.53:184][  0]LogSlate: Using FreeType 2.10.0
[2020.02.01-23.11.53:184][  0]LogSlate: SlateFontServices - WITH_FREETYPE: 1, WITH_HARFBUZZ: 1
[2020.02.01-23.11.53:230][  0]LogAssetRegistry: FAssetRegistry took 0.0024 seconds to start up
[2020.02.01-23.11.53:521][  0]LogInit: Selected Device Profile: [Windows]
[2020.02.01-23.11.53:677][  0]LogMeshReduction: Using QuadricMeshReduction for automatic static mesh reduction
[2020.02.01-23.11.53:677][  0]LogMeshReduction: Using SimplygonMeshReduction for automatic skeletal mesh reduction
[2020.02.01-23.11.53:677][  0]LogMeshReduction: Using ProxyLODMeshReduction for automatic mesh merging
[2020.02.01-23.11.53:677][  0]LogMeshReduction: No distributed automatic mesh merging module available
[2020.02.01-23.11.53:677][  0]LogMeshMerging: No distributed automatic mesh merging module available
[2020.02.01-23.11.53:695][  0]LogNetVersion: PanelPanic 1.0.0, NetCL: 10570792, EngineNetVer: 13, GameNetVer: 0 (Checksum: 384539339)
[2020.02.01-23.11.54:772][  0]LogPackageLocalizationCache: Processed 10 localized package path(s) for 1 prioritized culture(s) in 0.080577 seconds
[2020.02.01-23.11.54:778][  0]LogUObjectArray: 46750 objects as part of root set at end of initial load.
[2020.02.01-23.11.54:778][  0]LogUObjectAllocator: 8137160 out of 0 bytes used by permanent object pool.
[2020.02.01-23.11.54:778][  0]LogUObjectArray: CloseDisregardForGC: 0/0 objects in disregard for GC pool
[2020.02.01-23.11.55:126][  0]LogTcpMessaging: Initializing TcpMessaging bridge
[2020.02.01-23.11.55:131][  0]LogUdpMessaging: Initializing bridge on interface 0.0.0.0:0 to multicast group 230.0.0.1:6666.
[2020.02.01-23.11.55:199][  0]SourceControl: Source control is disabled
[2020.02.01-23.11.55:199][  0]SourceControl: Source control is disabled
[2020.02.01-23.11.55:200][  0]SourceControl: Source control is disabled
[2020.02.01-23.11.55:201][  0]SourceControl: Source control is disabled
[2020.02.01-23.11.55:202][  0]SourceControl: Source control is disabled
[2020.02.01-23.11.55:317][  0]LogAndroidPermission: UAndroidPermissionCallbackProxy::GetInstance
[2020.02.01-23.11.55:333][  0]LogAudioCaptureCore: Display: No Audio Capture implementations found. Audio input will be silent.
[2020.02.01-23.11.55:333][  0]LogAudioCaptureCore: Display: No Audio Capture implementations found. Audio input will be silent.
[2020.02.01-23.11.55:490][  0]LogOcInput: OculusInput pre-init called
[2020.02.01-23.11.56:137][  0]LogEngine: Initializing Engine...
[2020.02.01-23.11.56:185][  0]LogHMD: Failed to initialize OpenVR with code 126
[2020.02.01-23.11.56:186][  0]LogStats: UGameplayTagsManager::InitializeManager -  0.000 s
[2020.02.01-23.11.56:584][  0]LogInit: Initializing FReadOnlyCVARCache
[2020.02.01-23.11.56:590][  0]LogAIModule: Creating AISystem for world Untitled
[2020.02.01-23.11.56:592][  0]LogAudioMixer: Display: Audio Mixer Platform Settings:
[2020.02.01-23.11.56:592][  0]LogAudioMixer: Display: 	Sample Rate:						  48000
[2020.02.01-23.11.56:592][  0]LogAudioMixer: Display: 	Callback Buffer Frame Size Requested: 1024
[2020.02.01-23.11.56:592][  0]LogAudioMixer: Display: 	Callback Buffer Frame Size To Use:	  1024
[2020.02.01-23.11.56:592][  0]LogAudioMixer: Display: 	Number of buffers to queue:			  2
[2020.02.01-23.11.56:592][  0]LogAudioMixer: Display: 	Max Channels (voices):				  32
[2020.02.01-23.11.56:592][  0]LogAudioMixer: Display: 	Number of Async Source Workers:		  0
[2020.02.01-23.11.56:592][  0]LogAudio: Display: AudioDevice MaxSources: 32
[2020.02.01-23.11.56:592][  0]LogAudio: Display: Using built-in audio occlusion.
[2020.02.01-23.11.56:592][  0]LogAudioMixer: Display: Initializing audio mixer.
[2020.02.01-23.11.56:757][  0]LogAudioMixer: Display: Audio Device Output Speaker Info:
[2020.02.01-23.11.56:757][  0]LogAudioMixer: Display: Name: Headphones (MOMENTUM M2 AEBT Stereo)
[2020.02.01-23.11.56:757][  0]LogAudioMixer: Display: Is Default: Yes
[2020.02.01-23.11.56:757][  0]LogAudioMixer: Display: Sample Rate: 44100
[2020.02.01-23.11.56:757][  0]LogAudioMixer: Display: Channel Count Used: 2
[2020.02.01-23.11.56:757][  0]LogAudioMixer: Display: Device Channel Count: 2
[2020.02.01-23.11.56:757][  0]LogAudioMixer: Display: Channel Order:
[2020.02.01-23.11.56:757][  0]LogAudioMixer: Display: 0: FrontLeft
[2020.02.01-23.11.56:757][  0]LogAudioMixer: Display: 1: FrontRight
[2020.02.01-23.11.57:767][  0]LogAudioMixer: Display: Using Audio Device Headphones (MOMENTUM M2 AEBT Stereo)
[2020.02.01-23.11.57:769][  0]LogInit: FAudioDevice initialized.
[2020.02.01-23.11.57:769][  0]LogNetVersion: Set ProjectVersion to 1.0.0.0. Version Checksum will be recalculated on next use.
[2020.02.01-23.11.57:823][  0]LogDerivedDataCache: Saved boot cache 0.05s 81MB C:/Users/Bas_W/AppData/Local/UnrealEngine/4.24/DerivedDataCache/Boot.ddc.
[2020.02.01-23.11.57:830][  0]LogInit: Texture streaming: Enabled
[2020.02.01-23.11.57:841][  0]LogEngineSessionManager: EngineSessionManager initialized
[2020.02.01-23.11.57:841][  0]LogEditorSessionSummary: Verbose: Initializing EditorSessionSummaryWriter for editor session tracking
[2020.02.01-23.11.57:851][  0]LogEditorSessionSummary: EditorSessionSummaryWriter initialized
[2020.02.01-23.11.57:908][  0]LogInit: Transaction tracking system initialized
[2020.02.01-23.11.57:916][  0]BlueprintLog: New page: Editor Load
[2020.02.01-23.11.57:946][  0]LocalizationService: Localization service is disabled
[2020.02.01-23.11.58:230][  0]LogFileCache: Scanning file cache for directory 'D:/Documents/GGJ2020/GGJ2020PanelPanic/PanelPanic/Content/' took 0.00s
[2020.02.01-23.11.58:230][  0]LogCook: Display: Max memory allowance for cook 16384mb min free memory 0mb
[2020.02.01-23.11.58:231][  0]LogCook: Display: Mobile HDR setting 1
[2020.02.01-23.11.58:803][  0]SourceControl: Source control is disabled
[2020.02.01-23.11.58:803][  0]Cmd: MAP LOAD FILE="../../../../../Documents/GGJ2020/GGJ2020PanelPanic/PanelPanic/Content/PanelPanic/Assets/Maps/Menu.umap" TEMPLATE=0 SHOWPROGRESS=1 FEATURELEVEL=3
[2020.02.01-23.11.58:803][  0]LightingResults: New page: Lighting Build
[2020.02.01-23.11.58:804][  0]LogWorld: UWorld::CleanupWorld for Untitled, bSessionEnded=true, bCleanupResources=true
[2020.02.01-23.11.58:804][  0]LogSlate: InvalidateAllWidgets triggered.  All widgets were invalidated
[2020.02.01-23.11.58:804][  0]MapCheck: New page: Map Check
[2020.02.01-23.11.58:804][  0]LightingResults: New page: Lighting Build
[2020.02.01-23.11.58:831][  0]LogUObjectHash: Compacting FUObjectHashTables data took   1.56ms
[2020.02.01-23.11.58:847][  0]LogAIModule: Creating AISystem for world Menu
[2020.02.01-23.11.58:848][  0]LogEditorServer: Finished looking for orphan Actors (0.000 secs)
[2020.02.01-23.11.58:875][  0]LogUObjectHash: Compacting FUObjectHashTables data took   1.85ms
[2020.02.01-23.11.58:875][  0]Cmd: MAP CHECKDEP NOCLEARLOG
[2020.02.01-23.11.58:876][  0]MapCheck: Map check complete: 0 Error(s), 0 Warning(s), took 0.095ms to complete.
[2020.02.01-23.11.58:876][  0]LogFileHelpers: Loading map 'Menu' took 0.072
[2020.02.01-23.11.59:041][  0]LogSlate: Updating window title bar state: overlay mode, drag disabled, window buttons hidden, title bar hidden
[2020.02.01-23.11.59:047][  0]LogSlate: Updating window title bar state: overlay mode, drag disabled, window buttons hidden, title bar hidden
[2020.02.01-23.11.59:052][  0]LogSlate: Updating window title bar state: overlay mode, drag disabled, window buttons hidden, title bar hidden
[2020.02.01-23.11.59:058][  0]LogSlate: Updating window title bar state: overlay mode, drag disabled, window buttons hidden, title bar hidden
[2020.02.01-23.11.59:064][  0]LogCollectionManager: Loaded 0 collections in 0.000699 seconds
[2020.02.01-23.11.59:076][  0]LogFileCache: Scanning file cache for directory 'D:/Documents/GGJ2020/GGJ2020PanelPanic/PanelPanic/Saved/Collections/' took 0.00s
[2020.02.01-23.11.59:076][  0]LogFileCache: Scanning file cache for directory 'D:/Documents/GGJ2020/GGJ2020PanelPanic/PanelPanic/Content/Developers/BasW/Collections/' took 0.00s
[2020.02.01-23.11.59:076][  0]LogFileCache: Scanning file cache for directory 'D:/Documents/GGJ2020/GGJ2020PanelPanic/PanelPanic/Content/Collections/' took 0.00s
[2020.02.01-23.11.59:076][  0]LogContentBrowser: Native class hierarchy populated in 0.0071 seconds. Added 3015 classes and 717 folders.
[2020.02.01-23.11.59:078][  0]LogContentBrowser: Native class hierarchy updated for 'WidgetCarousel' in 0.0002 seconds. Added 0 classes and 0 folders.
[2020.02.01-23.11.59:124][  0]LogContentBrowser: Native class hierarchy updated for 'AddContentDialog' in 0.0002 seconds. Added 0 classes and 0 folders.
[2020.02.01-23.11.59:128][  0]LogContentBrowser: Native class hierarchy updated for 'SceneOutliner' in 0.0003 seconds. Added 2 classes and 3 folders.
[2020.02.01-23.11.59:240][  0]LogSlate: Took 0.000279 seconds to synchronously load lazily loaded font '../../../Engine/Content/Slate/Fonts/Roboto-Regular.ttf' (155K)
[2020.02.01-23.11.59:241][  0]LogSlate: Took 0.000260 seconds to synchronously load lazily loaded font '../../../Engine/Content/Slate/Fonts/Roboto-Bold.ttf' (160K)
[2020.02.01-23.11.59:246][  0]LogSlate: Took 0.000152 seconds to synchronously load lazily loaded font '../../../Engine/Content/Editor/Slate/Fonts/FontAwesome.ttf' (139K)
[2020.02.01-23.11.59:298][  0]LogRenderer: Reallocating scene render targets to support 1232x572 Format 10 NumSamples 1 (Frame:1).
[2020.02.01-23.11.59:343][  0]LogSlate: Took 0.000196 seconds to synchronously load lazily loaded font '../../../Engine/Content/Slate/Fonts/Roboto-Light.ttf' (167K)
[2020.02.01-23.11.59:395][  0]LogContentBrowser: Native class hierarchy updated for 'HierarchicalLODOutliner' in 0.0002 seconds. Added 0 classes and 0 folders.
[2020.02.01-23.11.59:395][  0]LogLoad: (Engine Initialization) Total time: 10.08 seconds
[2020.02.01-23.11.59:395][  0]LogLoad: (Engine Initialization) Total Blueprint compile time: 0.00 seconds
[2020.02.01-23.11.59:441][  0]LogAssetRegistry: Asset discovery search completed in 6.2116 seconds
[2020.02.01-23.11.59:444][  0]LogCollectionManager: Fixed up redirectors for 0 collections in 0.000007 seconds (updated 0 objects)
[2020.02.01-23.11.59:445][  0]LogContentStreaming: Texture pool size now 1000 MB
[2020.02.01-23.11.59:477][  0]LogSlate: Took 0.000160 seconds to synchronously load lazily loaded font '../../../Engine/Content/Slate/Fonts/Roboto-Light.ttf' (167K)
[2020.02.01-23.15.01:358][902]LogSlate: Took 0.000146 seconds to synchronously load lazily loaded font '../../../Engine/Content/Slate/Fonts/DroidSansMono.ttf' (77K)
[2020.02.01-23.15.20:860][ 46]LogTemp: Repeating last play command: Selected Viewport
[2020.02.01-23.15.20:870][ 46]LogBlueprintUserMessages: Early PlayInEditor Detection: Level '/Game/PanelPanic/Assets/Maps/Menu.Menu:PersistentLevel' has LevelScriptBlueprint '/Game/PanelPanic/Assets/Maps/Menu.Menu:PersistentLevel.Menu' with GeneratedClass '/Game/PanelPanic/Assets/Maps/Menu.Menu_C' with ClassGeneratedBy '/Game/PanelPanic/Assets/Maps/Menu.Menu:PersistentLevel.Menu'
[2020.02.01-23.15.20:870][ 46]LogPlayLevel: PlayLevel: No blueprints needed recompiling
[2020.02.01-23.15.20:928][ 46]PIE: New page: PIE session: Menu (Feb 2, 2020, 1:15:20 AM)
[2020.02.01-23.15.20:929][ 46]LogOnline: OSS: Creating online subsystem instance for: NULL
[2020.02.01-23.15.20:930][ 46]LogOnline: OSS: TryLoadSubsystemAndSetDefault: Loaded subsystem for module [NULL]
[2020.02.01-23.15.20:930][ 46]LogPlayLevel: Creating play world package: /Game/PanelPanic/Assets/Maps/UEDPIE_0_Menu
[2020.02.01-23.15.20:931][ 46]LogPlayLevel: PIE: StaticDuplicateObject took: (0.001234s)
[2020.02.01-23.15.20:932][ 46]LogAIModule: Creating AISystem for world Menu
[2020.02.01-23.15.20:932][ 46]LogPlayLevel: PIE: World Init took: (0.000878s)
[2020.02.01-23.15.20:932][ 46]LogPlayLevel: PIE: Created PIE world by copying editor world from /Game/PanelPanic/Assets/Maps/Menu.Menu to /Game/PanelPanic/Assets/Maps/UEDPIE_0_Menu.Menu (0.002273s)
[2020.02.01-23.15.20:959][ 46]LogUObjectHash: Compacting FUObjectHashTables data took   1.27ms
[2020.02.01-23.15.20:960][ 46]LogAudioMixer: Display: Audio Mixer Platform Settings:
[2020.02.01-23.15.20:960][ 46]LogAudioMixer: Display: 	Sample Rate:						  48000
[2020.02.01-23.15.20:960][ 46]LogAudioMixer: Display: 	Callback Buffer Frame Size Requested: 1024
[2020.02.01-23.15.20:960][ 46]LogAudioMixer: Display: 	Callback Buffer Frame Size To Use:	  1024
[2020.02.01-23.15.20:960][ 46]LogAudioMixer: Display: 	Number of buffers to queue:			  2
[2020.02.01-23.15.20:960][ 46]LogAudioMixer: Display: 	Max Channels (voices):				  32
[2020.02.01-23.15.20:960][ 46]LogAudioMixer: Display: 	Number of Async Source Workers:		  0
[2020.02.01-23.15.20:960][ 46]LogAudio: Display: AudioDevice MaxSources: 32
[2020.02.01-23.15.20:961][ 46]LogAudio: Display: Using built-in audio occlusion.
[2020.02.01-23.15.20:961][ 46]LogAudioMixer: Display: Initializing audio mixer.
[2020.02.01-23.15.20:997][ 46]LogAudioMixer: Display: Audio Device Output Speaker Info:
[2020.02.01-23.15.20:997][ 46]LogAudioMixer: Display: Name: Headphones (MOMENTUM M2 AEBT Stereo)
[2020.02.01-23.15.20:997][ 46]LogAudioMixer: Display: Is Default: Yes
[2020.02.01-23.15.20:997][ 46]LogAudioMixer: Display: Sample Rate: 44100
[2020.02.01-23.15.20:997][ 46]LogAudioMixer: Display: Channel Count Used: 2
[2020.02.01-23.15.20:997][ 46]LogAudioMixer: Display: Device Channel Count: 2
[2020.02.01-23.15.20:997][ 46]LogAudioMixer: Display: Channel Order:
[2020.02.01-23.15.20:997][ 46]LogAudioMixer: Display: 0: FrontLeft
[2020.02.01-23.15.20:997][ 46]LogAudioMixer: Display: 1: FrontRight
[2020.02.01-23.15.21:011][ 46]LogAudioMixer: Display: Using Audio Device Headphones (MOMENTUM M2 AEBT Stereo)
[2020.02.01-23.15.21:012][ 46]LogInit: FAudioDevice initialized.
[2020.02.01-23.15.21:078][ 46]LogLinker: Warning: Failed to load '/Game/2DSideScrollerBP/Blueprints/2DSideScrollerGameMode': Can't find file.
[2020.02.01-23.15.21:078][ 46]LogLinker: Warning: Failed to load '/Game/2DSideScrollerBP/Blueprints/2DSideScrollerGameMode': Can't find file.
[2020.02.01-23.15.21:078][ 46]LogUObjectGlobals: Warning: Failed to find object 'Class /Game/2DSideScrollerBP/Blueprints/2DSideScrollerGameMode.2DSideScrollerGameMode_C'
[2020.02.01-23.15.21:078][ 46]LogLoad: Game class is 'GameModeBase'
[2020.02.01-23.15.21:080][ 46]LogWorld: Bringing World /Game/PanelPanic/Assets/Maps/UEDPIE_0_Menu.Menu up for play (max tick rate 60) at 2020.02.02-00.15.21
[2020.02.01-23.15.21:080][ 46]LogWorld: Bringing up level for play took: 0.000342
[2020.02.01-23.15.21:080][ 46]LogOnline: OSS: Creating online subsystem instance for: :Context_1
[2020.02.01-23.15.21:097][ 46]LogContentBrowser: Native class hierarchy updated for 'MovieSceneCapture' in 0.0003 seconds. Added 20 classes and 0 folders.
[2020.02.01-23.15.21:149][ 46]PIE: Play in editor start time for /Game/PanelPanic/Assets/Maps/UEDPIE_0_Menu 1.117
[2020.02.01-23.15.21:149][ 46]LogBlueprintUserMessages: Late PlayInEditor Detection: Level '/Game/PanelPanic/Assets/Maps/Menu.Menu:PersistentLevel' has LevelScriptBlueprint '/Game/PanelPanic/Assets/Maps/Menu.Menu:PersistentLevel.Menu' with GeneratedClass '/Game/PanelPanic/Assets/Maps/Menu.Menu_C' with ClassGeneratedBy '/Game/PanelPanic/Assets/Maps/Menu.Menu:PersistentLevel.Menu'
[2020.02.01-23.15.21:791][ 82]LogNet: Browse: /Game/PanelPanic/Assets/Maps/Level_0
[2020.02.01-23.15.21:791][ 82]LogLoad: LoadMap: /Game/PanelPanic/Assets/Maps/Level_0
[2020.02.01-23.15.21:791][ 82]LogWorld: BeginTearingDown for /Game/PanelPanic/Assets/Maps/UEDPIE_0_Menu
[2020.02.01-23.15.21:797][ 82]LogWorld: UWorld::CleanupWorld for Menu, bSessionEnded=true, bCleanupResources=true
[2020.02.01-23.15.21:798][ 82]LogSlate: InvalidateAllWidgets triggered.  All widgets were invalidated
[2020.02.01-23.15.21:798][ 82]LogAudioMixer: Display: No commands were queued while flushing the source manager.
[2020.02.01-23.15.21:825][ 82]LogUObjectHash: Compacting FUObjectHashTables data took   1.29ms
[2020.02.01-23.15.22:446][ 82]LogTexture: Display: Building textures: Fuckme (AutoDXT, 1500X1140)
[2020.02.01-23.15.22:449][ 82]LogAIModule: Creating AISystem for world Level_0
[2020.02.01-23.15.22:449][ 82]LogLoad: Game class is 'BP_PanelPanicGamemode_C'
[2020.02.01-23.15.22:454][ 82]LogWorld: Bringing World /Game/PanelPanic/Assets/Maps/UEDPIE_0_Level_0.Level_0 up for play (max tick rate 60) at 2020.02.02-00.15.22
[2020.02.01-23.15.22:454][ 82]LogWorld: Bringing up level for play took: 0.004050
[2020.02.01-23.15.22:455][ 82]LogLoad: Took 0.664555 seconds to LoadMap(/Game/PanelPanic/Assets/Maps/Level_0)
[2020.02.01-23.15.30:718][577]LogAudioMixer: Display: No commands were queued while flushing the source manager.
[2020.02.01-23.15.30:718][577]LogAudioMixer: Display: No commands were queued while flushing the source manager.
[2020.02.01-23.15.30:718][577]LogBlueprintUserMessages: Early EndPlayMap Detection: Level '/Game/PanelPanic/Assets/Maps/Menu.Menu:PersistentLevel' has LevelScriptBlueprint '/Game/PanelPanic/Assets/Maps/Menu.Menu:PersistentLevel.Menu' with GeneratedClass '/Game/PanelPanic/Assets/Maps/Menu.Menu_C' with ClassGeneratedBy '/Game/PanelPanic/Assets/Maps/Menu.Menu:PersistentLevel.Menu'
[2020.02.01-23.15.30:718][577]LogSlate: Updating window title bar state: overlay mode, drag disabled, window buttons hidden, title bar hidden
[2020.02.01-23.15.30:718][577]LogWorld: BeginTearingDown for /Game/PanelPanic/Assets/Maps/UEDPIE_0_Level_0
[2020.02.01-23.15.30:718][577]LogAudioMixer: Display: No commands were queued while flushing the source manager.
[2020.02.01-23.15.30:753][577]LogWorld: UWorld::CleanupWorld for Level_0, bSessionEnded=true, bCleanupResources=true
[2020.02.01-23.15.30:753][577]LogSlate: InvalidateAllWidgets triggered.  All widgets were invalidated
[2020.02.01-23.15.30:763][577]LogPlayLevel: Display: Shutting down PIE online subsystems
[2020.02.01-23.15.30:763][577]LogBlueprintUserMessages: Late EndPlayMap Detection: Level '/Game/PanelPanic/Assets/Maps/Menu.Menu:PersistentLevel' has LevelScriptBlueprint '/Game/PanelPanic/Assets/Maps/Menu.Menu:PersistentLevel.Menu' with GeneratedClass '/Game/PanelPanic/Assets/Maps/Menu.Menu_C' with ClassGeneratedBy '/Game/PanelPanic/Assets/Maps/Menu.Menu:PersistentLevel.Menu'
[2020.02.01-23.15.30:765][577]LogSlate: InvalidateAllWidgets triggered.  All widgets were invalidated
[2020.02.01-23.15.30:790][577]LogAudioMixer: Display: No commands were queued while flushing the source manager.
[2020.02.01-23.15.30:793][577]LogSlate: Updating window title bar state: overlay mode, drag disabled, window buttons hidden, title bar hidden
[2020.02.01-23.15.30:797][577]LogUObjectHash: Compacting FUObjectHashTables data took   1.96ms
[2020.02.01-23.15.30:833][579]LogPlayLevel: Display: Destroying online subsystem :Context_1
[2020.02.01-23.15.42:754][292]LogAssetEditorSubsystem: Opening Asset editor for Blueprint /Game/PanelPanic/Blueprints/BP_CameraTransition_Volume.BP_CameraTransition_Volume
[2020.02.01-23.15.42:881][292]LogContentBrowser: Native class hierarchy updated for 'BlueprintGraph' in 0.0004 seconds. Added 121 classes and 0 folders.
[2020.02.01-23.15.43:603][292]LogSlate: Took 0.000173 seconds to synchronously load lazily loaded font '../../../Engine/Content/Slate/Fonts/Roboto-BoldCondensed.ttf' (158K)
[2020.02.01-23.15.43:642][293]LogSlate: Took 0.000175 seconds to synchronously load lazily loaded font '../../../Engine/Content/Slate/Fonts/Roboto-Italic.ttf' (157K)
[2020.02.01-23.21.07:579][898]LogSlate: Window 'Pick Parent Class' being destroyed
[2020.02.01-23.21.20:285][637]LogAssetEditorSubsystem: Opening Asset editor for Blueprint /Game/PanelPanic/Blueprints/BP_Hazard_Stationary.BP_Hazard_Stationary
[2020.02.01-23.21.20:739][637]LogRenderer: Reallocating scene render targets to support 1232x688 Format 10 NumSamples 1 (Frame:1).
[2020.02.01-23.21.30:825][222]BlueprintLog: New page: Compile BP_Hazard_Stationary
[2020.02.01-23.21.30:998][222]LogUObjectHash: Compacting FUObjectHashTables data took   3.28ms
[2020.02.01-23.21.31:769][265]LogSavePackage: Moving '../../../../../Documents/GGJ2020/GGJ2020PanelPanic/PanelPanic/Saved/BP_Hazard_StationaryC78CC9594321C16ECBA60DB5B4696B6B.tmp' to '../../../../../Documents/GGJ2020/GGJ2020PanelPanic/PanelPanic/Content/PanelPanic/Blueprints/BP_Hazard_Stationary.uasset'
[2020.02.01-23.21.31:794][265]AssetCheck: New page: Asset Save: BP_Hazard_Stationary
[2020.02.01-23.21.31:795][265]LogContentValidation: Display: Validating Blueprint /Game/PanelPanic/Blueprints/BP_Hazard_Stationary.BP_Hazard_Stationary
[2020.02.01-23.21.41:341][835]BlueprintLog: New page: Compile BP_Hazard_Stationary
[2020.02.01-23.21.41:502][835]LogUObjectHash: Compacting FUObjectHashTables data took   2.64ms
[2020.02.01-23.21.42:290][881]LogSlate: Window 'BP_Hazard_Stationary' being destroyed
[2020.02.01-23.21.44:845][ 10]LogAssetEditorSubsystem: Opening Asset editor for Blueprint /Game/PanelPanic/Blueprints/BP_Character.BP_Character
[2020.02.01-23.21.55:737][610]BlueprintLog: New page: Compile BP_Character
[2020.02.01-23.21.55:937][610]LogUObjectHash: Compacting FUObjectHashTables data took   3.05ms
[2020.02.01-23.22.20:681][ 70]LogUObjectHash: Compacting FUObjectHashTables data took   2.91ms
[2020.02.01-23.22.20:681][ 70]LogFileHelpers: Editor autosave (incl. sublevels) for '/Game/PanelPanic/Assets/Maps/Menu' took 0.032
[2020.02.01-23.22.20:682][ 70]OBJ SavePackage: Generating thumbnails for [0] asset(s) in package [/Game/PanelPanic/Blueprints/BP_Character] ([1] browsable assets)...
[2020.02.01-23.22.20:682][ 70]OBJ SavePackage: Finished generating thumbnails for package [/Game/PanelPanic/Blueprints/BP_Character]
[2020.02.01-23.22.20:994][ 70]LogSavePackage: Moving '../../../../../Documents/GGJ2020/GGJ2020PanelPanic/PanelPanic/Saved/BP_Character_Auto11211725E4BEF703AE593F7A406CB6E7A.tmp' to '../../../../../Documents/GGJ2020/GGJ2020PanelPanic/PanelPanic/Saved/Autosaves/Game/PanelPanic/Blueprints/BP_Character_Auto1.uasset'
[2020.02.01-23.22.20:995][ 70]OBJ SavePackage: Generating thumbnails for [0] asset(s) in package [/Game/PanelPanic/Blueprints/BP_Hazard_Stationary] ([1] browsable assets)...
[2020.02.01-23.22.20:995][ 70]OBJ SavePackage: Finished generating thumbnails for package [/Game/PanelPanic/Blueprints/BP_Hazard_Stationary]
[2020.02.01-23.22.21:012][ 70]LogSavePackage: Moving '../../../../../Documents/GGJ2020/GGJ2020PanelPanic/PanelPanic/Saved/BP_Hazard_Stationary_Auto1A9EE762244A4E263BA4A7BBC85761656.tmp' to '../../../../../Documents/GGJ2020/GGJ2020PanelPanic/PanelPanic/Saved/Autosaves/Game/PanelPanic/Blueprints/BP_Hazard_Stationary_Auto1.uasset'
[2020.02.01-23.22.21:013][ 70]LogFileHelpers: Auto-saving content packages took 0.332
[2020.02.01-23.23.33:019][385]BlueprintLog: New page: Compile BP_Character
[2020.02.01-23.23.33:211][385]LogUObjectHash: Compacting FUObjectHashTables data took   2.96ms
[2020.02.01-23.23.33:555][399]Cmd: OBJ SAVEPACKAGE PACKAGE="/Game/PanelPanic/Blueprints/BP_Character" FILE="../../../../../Documents/GGJ2020/GGJ2020PanelPanic/PanelPanic/Content/PanelPanic/Blueprints/BP_Character.uasset" SILENT=true
[2020.02.01-23.23.33:633][399]LogSavePackage: Moving '../../../../../Documents/GGJ2020/GGJ2020PanelPanic/PanelPanic/Saved/BP_Character5D23202449B67F977A6433B07C3AC981.tmp' to '../../../../../Documents/GGJ2020/GGJ2020PanelPanic/PanelPanic/Content/PanelPanic/Blueprints/BP_Character.uasset'
[2020.02.01-23.23.33:659][399]AssetCheck: New page: Asset Save: BP_Character
[2020.02.01-23.23.33:660][399]LogContentValidation: Display: Validating Blueprint /Game/PanelPanic/Blueprints/BP_Character.BP_Character
[2020.02.01-23.23.55:760][700]BlueprintLog: New page: Compile BP_Hazard_Stationary
[2020.02.01-23.23.55:927][700]LogUObjectHash: Compacting FUObjectHashTables data took   2.89ms
[2020.02.01-23.23.56:402][727]LogSavePackage: Moving '../../../../../Documents/GGJ2020/GGJ2020PanelPanic/PanelPanic/Saved/BP_Hazard_Stationary4680CA9141999E7076238A9CA62D303C.tmp' to '../../../../../Documents/GGJ2020/GGJ2020PanelPanic/PanelPanic/Content/PanelPanic/Blueprints/BP_Hazard_Stationary.uasset'
[2020.02.01-23.23.56:422][727]AssetCheck: New page: Asset Save: BP_Hazard_Stationary
[2020.02.01-23.23.56:422][727]LogContentValidation: Display: Validating Blueprint /Game/PanelPanic/Blueprints/BP_Hazard_Stationary.BP_Hazard_Stationary
